
═══════════════════════════════════════════
STAGE RETRY: 2026-04-19T11:34:48Z
═══════════════════════════════════════════

2026-04-19T11:34:48Z [INFO] Starting stage: BOOT_CHAIN
2026-04-19T11:34:48Z [INFO] === BOOT_CHAIN ===
2026-04-19T11:34:48Z [INFO] Installing ZFSBootMenu from source...
2026-04-19T11:34:48Z [ERR ] Failed to install ZFSBootMenu dependencies

═══════════════════════════════════════════
STAGE RETRY: 2026-04-19T11:38:09Z
═══════════════════════════════════════════

2026-04-19T11:38:09Z [INFO] Starting stage: BOOT_CHAIN
2026-04-19T11:38:09Z [INFO] === BOOT_CHAIN ===
2026-04-19T11:38:09Z [INFO] Installing ZFSBootMenu from source...
2026-04-19T11:38:09Z [ERR ] Failed to install ZFSBootMenu dependencies

═══════════════════════════════════════════
STAGE RETRY: 2026-04-19T11:39:14Z
═══════════════════════════════════════════

2026-04-19T11:39:14Z [INFO] Starting stage: BOOT_CHAIN
2026-04-19T11:39:14Z [INFO] === BOOT_CHAIN ===
2026-04-19T11:39:14Z [INFO] Installing ZFSBootMenu from source...
2026-04-19T11:39:21Z [INFO] ZFSBootMenu v3.1.0 installed.
2026-04-19T11:39:21Z [INFO] Installing dracut configuration...
2026-04-19T11:39:21Z [INFO] dracut config installed.
2026-04-19T11:39:21Z [INFO] Installing ZFSBootMenu configuration...
2026-04-19T11:39:21Z [INFO] ZBM config installed.
2026-04-19T11:39:21Z [INFO] Installing /etc/default/zfs...
2026-04-19T11:39:21Z [INFO] /etc/default/zfs installed.
2026-04-19T11:39:21Z [INFO] Installing ZFSBootMenu dracut conf.d...
2026-04-19T11:39:21Z [INFO] ZFSBootMenu dracut conf.d installed.
2026-04-19T11:39:21Z [INFO] Setting kernel command line...
2026-04-19T11:39:21Z [INFO] Kernel cmdline set.
2026-04-19T11:39:21Z [INFO] Installing NVIDIA modprobe configurations...
2026-04-19T11:39:21Z [INFO]   NVIDIA modprobe configs installed.
2026-04-19T11:39:21Z [INFO] Installing NVIDIA udev rules...
2026-04-19T11:39:21Z [INFO]   NVIDIA udev rules installed.
2026-04-19T11:39:21Z [INFO] Installing sysctl tuning...
2026-04-19T11:39:21Z [INFO]   Sysctl tuning installed.
2026-04-19T11:39:21Z [INFO] Installing ZFS module tuning...
2026-04-19T11:39:21Z [INFO]   ZFS module tuning installed.
2026-04-19T11:39:21Z [INFO] Generating boot image...
2026-04-19T11:39:21Z [ERR ] generate-zbm failed

═══════════════════════════════════════════
STAGE RETRY: 2026-04-19T11:39:47Z
═══════════════════════════════════════════

2026-04-19T11:39:47Z [INFO] Starting stage: BOOT_CHAIN
2026-04-19T11:39:47Z [INFO] === BOOT_CHAIN ===
2026-04-19T11:39:47Z [INFO] Installing ZFSBootMenu from source...
2026-04-19T11:39:50Z [INFO] ZFSBootMenu v3.1.0 installed.
2026-04-19T11:39:50Z [INFO] Installing dracut configuration...
2026-04-19T11:39:50Z [INFO] dracut config installed.
2026-04-19T11:39:50Z [INFO] Installing ZFSBootMenu configuration...
2026-04-19T11:39:50Z [INFO] ZBM config installed.
2026-04-19T11:39:50Z [INFO] Installing /etc/default/zfs...
2026-04-19T11:39:50Z [INFO] /etc/default/zfs installed.
2026-04-19T11:39:50Z [INFO] Installing ZFSBootMenu dracut conf.d...
2026-04-19T11:39:50Z [INFO] ZFSBootMenu dracut conf.d installed.
2026-04-19T11:39:50Z [INFO] Setting kernel command line...
2026-04-19T11:39:50Z [INFO] Kernel cmdline set.
2026-04-19T11:39:50Z [INFO] Installing NVIDIA modprobe configurations...
2026-04-19T11:39:50Z [INFO]   NVIDIA modprobe configs installed.
2026-04-19T11:39:50Z [INFO] Installing NVIDIA udev rules...
2026-04-19T11:39:50Z [INFO]   NVIDIA udev rules installed.
2026-04-19T11:39:50Z [INFO] Installing sysctl tuning...
2026-04-19T11:39:50Z [INFO]   Sysctl tuning installed.
2026-04-19T11:39:50Z [INFO] Installing ZFS module tuning...
2026-04-19T11:39:50Z [INFO]   ZFS module tuning installed.
2026-04-19T11:39:50Z [INFO] Generating boot image...
2026-04-19T11:39:50Z [ERR ] generate-zbm failed

═══════════════════════════════════════════
STAGE RETRY: 2026-04-19T11:40:29Z
═══════════════════════════════════════════

2026-04-19T11:40:29Z [INFO] Starting stage: BOOT_CHAIN
2026-04-19T11:40:29Z [INFO] === BOOT_CHAIN ===
2026-04-19T11:40:29Z [INFO] Installing ZFSBootMenu from source...
2026-04-19T11:40:34Z [INFO] ZFSBootMenu v3.1.0 installed.
2026-04-19T11:40:34Z [INFO] Installing dracut configuration...
2026-04-19T11:40:34Z [INFO] dracut config installed.
2026-04-19T11:40:34Z [INFO] Installing ZFSBootMenu configuration...
2026-04-19T11:40:34Z [INFO] ZBM config installed.
2026-04-19T11:40:34Z [INFO] Installing /etc/default/zfs...
2026-04-19T11:40:34Z [INFO] /etc/default/zfs installed.
2026-04-19T11:40:34Z [INFO] Installing ZFSBootMenu dracut conf.d...
2026-04-19T11:40:34Z [INFO] ZFSBootMenu dracut conf.d installed.
2026-04-19T11:40:34Z [INFO] Setting kernel command line...
2026-04-19T11:40:34Z [INFO] Kernel cmdline set.
2026-04-19T11:40:34Z [INFO] Installing NVIDIA modprobe configurations...
2026-04-19T11:40:34Z [INFO]   NVIDIA modprobe configs installed.
2026-04-19T11:40:34Z [INFO] Installing NVIDIA udev rules...
2026-04-19T11:40:34Z [INFO]   NVIDIA udev rules installed.
2026-04-19T11:40:34Z [INFO] Installing sysctl tuning...
2026-04-19T11:40:34Z [INFO]   Sysctl tuning installed.
2026-04-19T11:40:34Z [INFO] Installing ZFS module tuning...
2026-04-19T11:40:34Z [INFO]   ZFS module tuning installed.
2026-04-19T11:40:34Z [INFO] Generating boot image...
2026-04-19T11:40:34Z [ERR ] generate-zbm failed

═══════════════════════════════════════════
STAGE RETRY: 2026-04-19T11:41:15Z
═══════════════════════════════════════════

2026-04-19T11:41:15Z [INFO] Starting stage: BOOT_CHAIN
2026-04-19T11:41:15Z [INFO] === BOOT_CHAIN ===
2026-04-19T11:41:15Z [INFO] Installing ZFSBootMenu from source...
2026-04-19T11:41:17Z [INFO] ZFSBootMenu v3.1.0 installed.
2026-04-19T11:41:17Z [INFO] Installing dracut configuration...
2026-04-19T11:41:17Z [INFO] dracut config installed.
2026-04-19T11:41:17Z [INFO] Installing ZFSBootMenu configuration...
2026-04-19T11:41:17Z [INFO] ZBM config installed.
2026-04-19T11:41:17Z [INFO] Installing /etc/default/zfs...
2026-04-19T11:41:17Z [INFO] /etc/default/zfs installed.
2026-04-19T11:41:17Z [INFO] Installing ZFSBootMenu dracut conf.d...
2026-04-19T11:41:17Z [INFO] ZFSBootMenu dracut conf.d installed.
2026-04-19T11:41:17Z [INFO] Setting kernel command line...
2026-04-19T11:41:17Z [INFO] Kernel cmdline set.
2026-04-19T11:41:18Z [INFO] Installing NVIDIA modprobe configurations...
2026-04-19T11:41:18Z [INFO]   NVIDIA modprobe configs installed.
2026-04-19T11:41:18Z [INFO] Installing NVIDIA udev rules...
2026-04-19T11:41:18Z [INFO]   NVIDIA udev rules installed.
2026-04-19T11:41:18Z [INFO] Installing sysctl tuning...
2026-04-19T11:41:18Z [INFO]   Sysctl tuning installed.
2026-04-19T11:41:18Z [INFO] Installing ZFS module tuning...
2026-04-19T11:41:18Z [INFO]   ZFS module tuning installed.
2026-04-19T11:41:18Z [INFO] Generating boot image...
2026-04-19T11:41:18Z [INFO] Boot image generated.
2026-04-19T11:41:18Z [INFO] Validating initramfs...
2026-04-19T11:41:18Z [ERR ] No initramfs found in /boot

═══════════════════════════════════════════
STAGE RETRY: 2026-04-19T11:41:59Z
═══════════════════════════════════════════

2026-04-19T11:41:59Z [INFO] Starting stage: BOOT_CHAIN
2026-04-19T11:41:59Z [INFO] === BOOT_CHAIN ===
2026-04-19T11:41:59Z [INFO] Installing ZFSBootMenu from source...
2026-04-19T11:42:01Z [INFO] ZFSBootMenu v3.1.0 installed.
2026-04-19T11:42:01Z [INFO] Installing dracut configuration...
2026-04-19T11:42:01Z [INFO] dracut config installed.
2026-04-19T11:42:01Z [INFO] Installing ZFSBootMenu configuration...
2026-04-19T11:42:01Z [INFO] ZBM config installed.
2026-04-19T11:42:01Z [INFO] Installing /etc/default/zfs...
2026-04-19T11:42:01Z [INFO] /etc/default/zfs installed.
2026-04-19T11:42:01Z [INFO] Installing ZFSBootMenu dracut conf.d...
2026-04-19T11:42:01Z [INFO] ZFSBootMenu dracut conf.d installed.
2026-04-19T11:42:01Z [INFO] Setting kernel command line...
2026-04-19T11:42:01Z [INFO] Kernel cmdline set.
2026-04-19T11:42:01Z [INFO] Installing NVIDIA modprobe configurations...
2026-04-19T11:42:01Z [INFO]   NVIDIA modprobe configs installed.
2026-04-19T11:42:01Z [INFO] Installing NVIDIA udev rules...
2026-04-19T11:42:01Z [INFO]   NVIDIA udev rules installed.
2026-04-19T11:42:01Z [INFO] Installing sysctl tuning...
2026-04-19T11:42:01Z [INFO]   Sysctl tuning installed.
2026-04-19T11:42:01Z [INFO] Installing ZFS module tuning...
2026-04-19T11:42:01Z [INFO]   ZFS module tuning installed.
2026-04-19T11:42:01Z [INFO] Generating boot image...
2026-04-19T11:42:02Z [INFO] Boot image generated.
2026-04-19T11:42:02Z [INFO] Validating initramfs...
2026-04-19T11:42:02Z [ERR ] No initramfs found in /boot

═══════════════════════════════════════════
STAGE RETRY: 2026-04-19T11:42:58Z
═══════════════════════════════════════════

2026-04-19T11:42:58Z [INFO] Starting stage: BOOT_CHAIN
2026-04-19T11:42:58Z [INFO] === BOOT_CHAIN ===
2026-04-19T11:42:58Z [INFO] Installing ZFSBootMenu from source...
2026-04-19T11:43:01Z [INFO] ZFSBootMenu v3.1.0 installed.
2026-04-19T11:43:01Z [INFO] Installing dracut configuration...
2026-04-19T11:43:01Z [INFO] dracut config installed.
2026-04-19T11:43:01Z [INFO] Installing ZFSBootMenu configuration...
2026-04-19T11:43:01Z [INFO] ZBM config installed.
2026-04-19T11:43:01Z [INFO] Installing /etc/default/zfs...
2026-04-19T11:43:01Z [INFO] /etc/default/zfs installed.
2026-04-19T11:43:01Z [INFO] Installing ZFSBootMenu dracut conf.d...
2026-04-19T11:43:01Z [INFO] ZFSBootMenu dracut conf.d installed.
2026-04-19T11:43:01Z [INFO] Setting kernel command line...
2026-04-19T11:43:01Z [INFO] Kernel cmdline set.
2026-04-19T11:43:01Z [INFO] Installing NVIDIA modprobe configurations...
2026-04-19T11:43:01Z [INFO]   NVIDIA modprobe configs installed.
2026-04-19T11:43:01Z [INFO] Installing NVIDIA udev rules...
2026-04-19T11:43:01Z [INFO]   NVIDIA udev rules installed.
2026-04-19T11:43:01Z [INFO] Installing sysctl tuning...
2026-04-19T11:43:01Z [INFO]   Sysctl tuning installed.
2026-04-19T11:43:01Z [INFO] Installing ZFS module tuning...
2026-04-19T11:43:01Z [INFO]   ZFS module tuning installed.
2026-04-19T11:43:01Z [INFO] Generating boot image...
2026-04-19T11:43:01Z [INFO] Boot image generated.
2026-04-19T11:43:01Z [INFO] Validating EFI partition...
2026-04-19T11:43:01Z [ERR ] EFI partition not mounted

═══════════════════════════════════════════
STAGE RETRY: 2026-04-19T11:43:56Z
═══════════════════════════════════════════

2026-04-19T11:43:56Z [INFO] Starting stage: BOOT_CHAIN
2026-04-19T11:43:56Z [INFO] === BOOT_CHAIN ===
2026-04-19T11:43:56Z [INFO] Installing ZFSBootMenu from source...
2026-04-19T11:43:58Z [INFO] ZFSBootMenu v3.1.0 installed.
2026-04-19T11:43:58Z [INFO] Installing dracut configuration...
2026-04-19T11:43:58Z [INFO] dracut config installed.
2026-04-19T11:43:58Z [INFO] Installing ZFSBootMenu configuration...
2026-04-19T11:43:58Z [INFO] ZBM config installed.
2026-04-19T11:43:58Z [INFO] Installing /etc/default/zfs...
2026-04-19T11:43:58Z [INFO] /etc/default/zfs installed.
2026-04-19T11:43:58Z [INFO] Installing ZFSBootMenu dracut conf.d...
2026-04-19T11:43:58Z [INFO] ZFSBootMenu dracut conf.d installed.
2026-04-19T11:43:58Z [INFO] Setting kernel command line...
2026-04-19T11:43:58Z [INFO] Kernel cmdline set.
2026-04-19T11:43:58Z [INFO] Installing NVIDIA modprobe configurations...
2026-04-19T11:43:58Z [INFO]   NVIDIA modprobe configs installed.
2026-04-19T11:43:58Z [INFO] Installing NVIDIA udev rules...
2026-04-19T11:43:58Z [INFO]   NVIDIA udev rules installed.
2026-04-19T11:43:58Z [INFO] Installing sysctl tuning...
2026-04-19T11:43:58Z [INFO]   Sysctl tuning installed.
2026-04-19T11:43:58Z [INFO] Installing ZFS module tuning...
2026-04-19T11:43:58Z [INFO]   ZFS module tuning installed.
2026-04-19T11:43:58Z [INFO] Generating boot image...
2026-04-19T11:43:59Z [INFO] Boot image generated.
2026-04-19T11:43:59Z [INFO] Remounting EFI for validation...
2026-04-19T11:43:59Z [INFO] Validating EFI partition...
2026-04-19T11:43:59Z [WARN] dosfsck reported issues (may be benign)
2026-04-19T11:43:59Z [ERR ] ZBM kernel missing/empty on EFI partition

═══════════════════════════════════════════
STAGE RETRY: 2026-04-19T11:50:01Z
═══════════════════════════════════════════

2026-04-19T11:50:01Z [INFO] Starting stage: BOOT_CHAIN
2026-04-19T11:50:01Z [INFO] === BOOT_CHAIN ===
2026-04-19T11:50:01Z [INFO] Installing ZFSBootMenu from source...
2026-04-19T11:50:03Z [INFO] ZFSBootMenu v3.1.0 installed.
2026-04-19T11:50:03Z [INFO] Installing dracut configuration...
2026-04-19T11:50:03Z [INFO] dracut config installed.
2026-04-19T11:50:03Z [INFO] Installing ZFSBootMenu configuration...
2026-04-19T11:50:03Z [INFO] ZBM config installed.
2026-04-19T11:50:03Z [INFO] Installing /etc/default/zfs...
2026-04-19T11:50:03Z [INFO] /etc/default/zfs installed.
2026-04-19T11:50:03Z [INFO] Installing ZFSBootMenu dracut conf.d...
2026-04-19T11:50:03Z [INFO] ZFSBootMenu dracut conf.d installed.
2026-04-19T11:50:03Z [INFO] Setting kernel command line...
2026-04-19T11:50:03Z [INFO] Kernel cmdline set.
2026-04-19T11:50:03Z [INFO] Installing NVIDIA modprobe configurations...
2026-04-19T11:50:03Z [INFO]   NVIDIA modprobe configs installed.
2026-04-19T11:50:03Z [INFO] Installing NVIDIA udev rules...
2026-04-19T11:50:03Z [INFO]   NVIDIA udev rules installed.
2026-04-19T11:50:03Z [INFO] Installing sysctl tuning...
2026-04-19T11:50:03Z [INFO]   Sysctl tuning installed.
2026-04-19T11:50:03Z [INFO] Installing ZFS module tuning...
2026-04-19T11:50:03Z [INFO]   ZFS module tuning installed.
2026-04-19T11:50:03Z [INFO] Generating boot image...
2026-04-19T11:50:21Z [INFO] Boot image generated.
2026-04-19T11:50:21Z [INFO] Remounting EFI for validation...
2026-04-19T11:50:21Z [INFO] Validating EFI partition...
2026-04-19T11:50:21Z [WARN] dosfsck reported issues (may be benign)
2026-04-19T11:50:22Z [ERR ] EFI initramfs does not contain ZFS modules

═══════════════════════════════════════════
STAGE RETRY: 2026-04-19T11:57:21Z
═══════════════════════════════════════════

2026-04-19T11:57:21Z [INFO] Starting stage: BOOT_CHAIN
2026-04-19T11:57:21Z [INFO] === BOOT_CHAIN ===
2026-04-19T11:57:21Z [INFO] Installing ZFSBootMenu from source...
2026-04-19T11:57:23Z [INFO] ZFSBootMenu v3.1.0 installed.
2026-04-19T11:57:23Z [INFO] Installing dracut configuration...
2026-04-19T11:57:23Z [INFO] dracut config installed.
2026-04-19T11:57:23Z [INFO] Installing ZFSBootMenu configuration...
2026-04-19T11:57:23Z [INFO] ZBM config installed.
2026-04-19T11:57:23Z [INFO] Installing /etc/default/zfs...
2026-04-19T11:57:23Z [INFO] /etc/default/zfs installed.
2026-04-19T11:57:23Z [INFO] Installing ZFSBootMenu dracut conf.d...
2026-04-19T11:57:23Z [INFO] ZFSBootMenu dracut conf.d installed.
2026-04-19T11:57:23Z [INFO] Setting kernel command line...
2026-04-19T11:57:23Z [INFO] Kernel cmdline set.
2026-04-19T11:57:23Z [INFO] Installing NVIDIA modprobe configurations...
2026-04-19T11:57:23Z [INFO]   NVIDIA modprobe configs installed.
2026-04-19T11:57:23Z [INFO] Installing NVIDIA udev rules...
2026-04-19T11:57:23Z [INFO]   NVIDIA udev rules installed.
2026-04-19T11:57:23Z [INFO] Installing sysctl tuning...
2026-04-19T11:57:23Z [INFO]   Sysctl tuning installed.
2026-04-19T11:57:23Z [INFO] Installing ZFS module tuning...
2026-04-19T11:57:23Z [INFO]   ZFS module tuning installed.
2026-04-19T11:57:23Z [INFO] Generating boot image...
2026-04-19T11:57:41Z [INFO] Boot image generated.
2026-04-19T11:57:41Z [INFO] Remounting EFI for validation...
2026-04-19T11:57:41Z [INFO] Validating EFI partition...
2026-04-19T11:57:41Z [WARN] dosfsck reported issues (may be benign)
2026-04-19T11:57:41Z [INFO] EFI partition validated: integrity OK, space OK, artifacts present, ZFS modules confirmed.
2026-04-19T11:57:41Z [INFO] Attempting EFI boot entry registration (best effort)...
2026-04-19T11:57:41Z [WARN] EFI boot entry registration failed
2026-04-19T11:57:41Z [INFO] Running pool import test...
2026-04-19T11:57:41Z [WARN] Failed to export pool for import test
2026-04-19T11:58:11Z [ERR ] Command timed out after 30s: chroot
/mnt/install
zpool
import
-N
-o
readonly=on
ACABROOT-2852
2026-04-19T11:58:11Z [WARN] Pool import test failed (non-fatal for altroot installs)
2026-04-19T11:58:11Z [WARN] Failed to restore writable pool import after import test
2026-04-19T11:58:11Z [INFO] BOOT_CHAIN complete.

═══════════════════════════════════════════
STAGE RETRY: 2026-04-20T06:35:24Z
═══════════════════════════════════════════

2026-04-20T06:35:24Z [INFO] Starting stage: BOOT_CHAIN
2026-04-20T06:35:24Z [INFO] === BOOT_CHAIN ===
2026-04-20T06:35:24Z [INFO] Installing ZFSBootMenu from source...
2026-04-20T06:35:31Z [INFO] ZFSBootMenu v3.1.0 installed.
2026-04-20T06:35:31Z [INFO] Installing dracut configuration...
2026-04-20T06:35:31Z [INFO] dracut config installed.
2026-04-20T06:35:31Z [INFO] Installing ZFSBootMenu configuration...
2026-04-20T06:35:31Z [INFO] ZBM config installed.
2026-04-20T06:35:31Z [INFO] Installing /etc/default/zfs...
2026-04-20T06:35:31Z [INFO] /etc/default/zfs installed.
2026-04-20T06:35:31Z [INFO] Installing ZFSBootMenu dracut conf.d...
2026-04-20T06:35:31Z [INFO] ZFSBootMenu dracut conf.d installed.
2026-04-20T06:35:31Z [INFO] Setting kernel command line...
2026-04-20T06:35:31Z [INFO] Kernel cmdline set.
2026-04-20T06:35:31Z [INFO] Installing NVIDIA modprobe configurations...
2026-04-20T06:35:31Z [INFO]   NVIDIA modprobe configs installed.
2026-04-20T06:35:31Z [INFO] Installing NVIDIA udev rules...
2026-04-20T06:35:31Z [INFO]   NVIDIA udev rules installed.
2026-04-20T06:35:31Z [INFO] Installing sysctl tuning...
2026-04-20T06:35:31Z [INFO]   Sysctl tuning installed.
2026-04-20T06:35:31Z [INFO] Installing ZFS module tuning...
2026-04-20T06:35:31Z [INFO]   ZFS module tuning installed.
2026-04-20T06:35:31Z [INFO] Generating boot image...
2026-04-20T06:35:49Z [INFO] Boot image generated.
2026-04-20T06:35:49Z [INFO] Remounting EFI for validation...
2026-04-20T06:35:49Z [INFO] Validating EFI partition...
2026-04-20T06:35:49Z [WARN] dosfsck reported issues (may be benign)
2026-04-20T06:35:49Z [ERR ] ZBM kernel missing/empty on EFI partition

═══════════════════════════════════════════
STAGE RETRY: 2026-04-20T06:36:37Z
═══════════════════════════════════════════

2026-04-20T06:36:37Z [INFO] Starting stage: BOOT_CHAIN
2026-04-20T06:36:37Z [INFO] === BOOT_CHAIN ===
2026-04-20T06:36:37Z [INFO] Installing ZFSBootMenu from source...
2026-04-20T06:36:40Z [INFO] ZFSBootMenu v3.1.0 installed.
2026-04-20T06:36:40Z [INFO] Installing dracut configuration...
2026-04-20T06:36:40Z [INFO] dracut config installed.
2026-04-20T06:36:40Z [INFO] Installing ZFSBootMenu configuration...
2026-04-20T06:36:40Z [INFO] ZBM config installed.
2026-04-20T06:36:40Z [INFO] Installing /etc/default/zfs...
2026-04-20T06:36:40Z [INFO] /etc/default/zfs installed.
2026-04-20T06:36:40Z [INFO] Installing ZFSBootMenu dracut conf.d...
2026-04-20T06:36:40Z [INFO] ZFSBootMenu dracut conf.d installed.
2026-04-20T06:36:40Z [INFO] Setting kernel command line...
2026-04-20T06:36:40Z [INFO] Kernel cmdline set.
2026-04-20T06:36:40Z [INFO] Installing NVIDIA modprobe configurations...
2026-04-20T06:36:40Z [INFO]   NVIDIA modprobe configs installed.
2026-04-20T06:36:40Z [INFO] Installing NVIDIA udev rules...
2026-04-20T06:36:40Z [INFO]   NVIDIA udev rules installed.
2026-04-20T06:36:40Z [INFO] Installing sysctl tuning...
2026-04-20T06:36:40Z [INFO]   Sysctl tuning installed.
2026-04-20T06:36:40Z [INFO] Installing ZFS module tuning...
2026-04-20T06:36:40Z [INFO]   ZFS module tuning installed.
2026-04-20T06:36:40Z [INFO] Generating boot image...
2026-04-20T06:36:58Z [INFO] Boot image generated.
2026-04-20T06:36:58Z [INFO] Ensuring EFI mount for validation...
2026-04-20T06:36:58Z [INFO] Validating EFI partition...
2026-04-20T06:36:58Z [WARN] dosfsck reported issues (may be benign)
2026-04-20T06:36:59Z [INFO] EFI partition validated: integrity OK, space OK, artifacts present, ZFS modules confirmed.
2026-04-20T06:36:59Z [INFO] Attempting EFI boot entry registration (best effort)...
2026-04-20T06:36:59Z [WARN] EFI boot entry registration failed
2026-04-20T06:36:59Z [INFO] Running pool import test...
2026-04-20T06:36:59Z [WARN] Failed to export pool for import test
2026-04-20T06:37:29Z [ERR ] Command timed out after 30s: chroot
/mnt/install
zpool
import
-N
-o
readonly=on
ACABROOT-7D85
2026-04-20T06:37:29Z [WARN] Pool import test failed (non-fatal for altroot installs)
2026-04-20T06:37:29Z [WARN] Failed to restore writable pool import after import test
2026-04-20T06:37:29Z [INFO] BOOT_CHAIN complete.

═══════════════════════════════════════════
STAGE RETRY: 2026-04-20T09:46:51Z
═══════════════════════════════════════════

2026-04-20T09:46:51Z [INFO] Starting stage: BOOT_CHAIN
2026-04-20T09:46:51Z [INFO] === BOOT_CHAIN ===
2026-04-20T09:46:51Z [INFO] Installing ZFSBootMenu from source...
2026-04-20T09:46:59Z [INFO] ZFSBootMenu v3.1.0 installed.
2026-04-20T09:46:59Z [INFO] Installing dracut configuration...
2026-04-20T09:46:59Z [INFO] dracut config installed.
2026-04-20T09:46:59Z [INFO] Installing ZFSBootMenu configuration...
2026-04-20T09:46:59Z [INFO] ZBM config installed.
2026-04-20T09:46:59Z [INFO] Installing /etc/default/zfs...
2026-04-20T09:46:59Z [INFO] /etc/default/zfs installed.
2026-04-20T09:46:59Z [INFO] Installing ZFSBootMenu dracut conf.d...
2026-04-20T09:46:59Z [INFO] ZFSBootMenu dracut conf.d installed.
2026-04-20T09:46:59Z [INFO] Setting kernel command line...
2026-04-20T09:46:59Z [INFO] Kernel cmdline set.
2026-04-20T09:46:59Z [INFO] Installing NVIDIA modprobe configurations...
2026-04-20T09:46:59Z [INFO]   NVIDIA modprobe configs installed.
2026-04-20T09:46:59Z [INFO] Installing NVIDIA udev rules...
2026-04-20T09:46:59Z [INFO]   NVIDIA udev rules installed.
2026-04-20T09:46:59Z [INFO] Installing sysctl tuning...
2026-04-20T09:46:59Z [INFO]   Sysctl tuning installed.
2026-04-20T09:46:59Z [INFO] Installing ZFS module tuning...
2026-04-20T09:46:59Z [INFO]   ZFS module tuning installed.
2026-04-20T09:46:59Z [INFO] Generating boot image...
2026-04-20T09:47:16Z [INFO] Boot image generated.
2026-04-20T09:47:16Z [INFO] Ensuring EFI mount for validation...
2026-04-20T09:47:16Z [INFO] Validating EFI partition...
2026-04-20T09:47:18Z [WARN] dosfsck reported issues (may be benign)
2026-04-20T09:47:30Z [INFO] EFI partition validated: integrity OK, space OK, artifacts present, ZFS modules confirmed.
2026-04-20T09:47:30Z [INFO] Attempting EFI boot entry registration (best effort)...
2026-04-20T09:47:32Z [WARN] EFI boot entry registration failed
2026-04-20T09:47:32Z [INFO] Running pool import test...
2026-04-20T09:47:32Z [WARN] Failed to export pool for import test
2026-04-20T09:48:02Z [ERR ] Command timed out after 30s: chroot
/mnt/install
zpool
import
-N
-o
readonly=on
ACABROOT-89C4
2026-04-20T09:48:02Z [WARN] Pool import test failed (non-fatal for altroot installs)
2026-04-20T09:48:02Z [WARN] Failed to restore writable pool import after import test
2026-04-20T09:48:02Z [INFO] BOOT_CHAIN complete.

═══════════════════════════════════════════
STAGE RETRY: 2026-04-20T21:49:46Z
═══════════════════════════════════════════

2026-04-20T21:49:46Z [INFO] Starting stage: BOOT_CHAIN
2026-04-20T21:49:46Z [INFO] === BOOT_CHAIN ===
2026-04-20T21:49:46Z [INFO] Installing ZFSBootMenu from source...
2026-04-20T21:49:54Z [INFO] ZFSBootMenu v3.1.0 installed.
2026-04-20T21:49:54Z [INFO] Installing dracut configuration...
2026-04-20T21:49:54Z [INFO] dracut config installed.
2026-04-20T21:49:54Z [INFO] Installing ZFSBootMenu configuration...
2026-04-20T21:49:54Z [INFO] ZBM config installed.
2026-04-20T21:49:54Z [INFO] Installing /etc/default/zfs...
2026-04-20T21:49:54Z [INFO] /etc/default/zfs installed.
2026-04-20T21:49:54Z [INFO] Installing ZFSBootMenu dracut conf.d...
2026-04-20T21:49:54Z [INFO] ZFSBootMenu dracut conf.d installed.
2026-04-20T21:49:54Z [INFO] Setting kernel command line...
2026-04-20T21:49:54Z [INFO] Kernel cmdline set.
2026-04-20T21:49:54Z [INFO] Installing NVIDIA modprobe configurations...
2026-04-20T21:49:54Z [INFO]   NVIDIA modprobe configs installed.
2026-04-20T21:49:54Z [INFO] Installing NVIDIA udev rules...
2026-04-20T21:49:54Z [INFO]   NVIDIA udev rules installed.
2026-04-20T21:49:54Z [INFO] Installing sysctl tuning...
2026-04-20T21:49:54Z [INFO]   Sysctl tuning installed.
2026-04-20T21:49:54Z [INFO] Installing ZFS module tuning...
2026-04-20T21:49:54Z [INFO]   ZFS module tuning installed.
2026-04-20T21:49:54Z [INFO] Generating boot image...
2026-04-20T21:50:11Z [INFO] Boot image generated.
2026-04-20T21:50:11Z [INFO] Ensuring EFI mount for validation...
2026-04-20T21:50:11Z [INFO] Validating EFI partition...
2026-04-20T21:50:11Z [WARN] dosfsck reported issues (may be benign)
2026-04-20T21:50:11Z [INFO] EFI partition validated: integrity OK, space OK, artifacts present, ZFS modules confirmed.
2026-04-20T21:50:11Z [INFO] Attempting EFI boot entry registration (best effort)...
2026-04-20T21:50:11Z [WARN] EFI boot entry registration failed
2026-04-20T21:50:11Z [INFO] Running pool import test...
2026-04-20T21:50:11Z [WARN] Failed to export pool for import test
2026-04-20T21:50:42Z [ERR ] Command timed out after 30s: chroot
/mnt/install
zpool
import
-N
-o
readonly=on
ACABROOT-AF90
2026-04-20T21:50:42Z [WARN] Pool import test failed (non-fatal for altroot installs)
2026-04-20T21:50:42Z [WARN] Failed to restore writable pool import after import test
2026-04-20T21:50:42Z [INFO] BOOT_CHAIN complete.

═══════════════════════════════════════════
STAGE RETRY: 2026-04-21T00:36:46Z
═══════════════════════════════════════════

2026-04-21T00:36:46Z [INFO] Starting stage: BOOT_CHAIN
2026-04-21T00:36:46Z [INFO] === BOOT_CHAIN ===
2026-04-21T00:36:46Z [INFO] Installing ZFSBootMenu from source...
2026-04-21T00:36:55Z [INFO] ZFSBootMenu v3.1.0 installed.
2026-04-21T00:36:55Z [INFO] Installing dracut configuration...
2026-04-21T00:36:55Z [INFO] dracut config installed.
2026-04-21T00:36:55Z [INFO] Installing ZFSBootMenu generate-zbm configuration...
2026-04-21T00:36:55Z [INFO] ZFSBootMenu config installed.
2026-04-21T00:36:55Z [INFO] Installing /etc/default/zfs...
2026-04-21T00:36:55Z [INFO] /etc/default/zfs installed.
2026-04-21T00:36:55Z [INFO] Installing ZFSBootMenu dracut conf.d...
2026-04-21T00:36:55Z [INFO] ZFSBootMenu dracut conf.d installed.
2026-04-21T00:36:55Z [INFO] Installing NVIDIA modprobe configurations...
2026-04-21T00:36:55Z [INFO]   NVIDIA modprobe configs installed.
2026-04-21T00:36:55Z [INFO] Installing NVIDIA udev rules...
2026-04-21T00:36:55Z [INFO]   NVIDIA udev rules installed.
2026-04-21T00:36:55Z [INFO] Installing sysctl tuning...
2026-04-21T00:36:55Z [INFO]   Sysctl tuning installed.
2026-04-21T00:36:55Z [INFO] Installing ZFS module tuning...
2026-04-21T00:36:55Z [INFO]   ZFS module tuning installed.
2026-04-21T00:36:55Z [INFO] Generating ZFSBootMenu artifacts with generate-zbm...
2026-04-21T00:36:55Z [ERR ] generate-zbm not found in target

═══════════════════════════════════════════
STAGE RETRY: 2026-04-21T00:37:52Z
═══════════════════════════════════════════

2026-04-21T00:37:52Z [INFO] Starting stage: BOOT_CHAIN
2026-04-21T00:37:52Z [INFO] === BOOT_CHAIN ===
2026-04-21T00:37:52Z [INFO] Installing ZFSBootMenu from source...
2026-04-21T00:37:55Z [INFO] ZFSBootMenu v3.1.0 installed.
2026-04-21T00:37:55Z [INFO] Installing dracut configuration...
2026-04-21T00:37:55Z [INFO] dracut config installed.
2026-04-21T00:37:55Z [INFO] Installing ZFSBootMenu generate-zbm configuration...
2026-04-21T00:37:55Z [INFO] ZFSBootMenu config installed.
2026-04-21T00:37:55Z [INFO] Installing /etc/default/zfs...
2026-04-21T00:37:55Z [INFO] /etc/default/zfs installed.
2026-04-21T00:37:55Z [INFO] Installing ZFSBootMenu dracut conf.d...
2026-04-21T00:37:55Z [INFO] ZFSBootMenu dracut conf.d installed.
2026-04-21T00:37:55Z [INFO] Installing NVIDIA modprobe configurations...
2026-04-21T00:37:55Z [INFO]   NVIDIA modprobe configs installed.
2026-04-21T00:37:55Z [INFO] Installing NVIDIA udev rules...
2026-04-21T00:37:55Z [INFO]   NVIDIA udev rules installed.
2026-04-21T00:37:55Z [INFO] Installing sysctl tuning...
2026-04-21T00:37:55Z [INFO]   Sysctl tuning installed.
2026-04-21T00:37:55Z [INFO] Installing ZFS module tuning...
2026-04-21T00:37:55Z [INFO]   ZFS module tuning installed.
2026-04-21T00:37:55Z [INFO] Generating ZFSBootMenu artifacts with generate-zbm...
2026-04-21T00:38:16Z [ERR ] generate-zbm failed

═══════════════════════════════════════════
STAGE RETRY: 2026-04-21T00:38:53Z
═══════════════════════════════════════════

2026-04-21T00:38:53Z [INFO] Starting stage: BOOT_CHAIN
2026-04-21T00:38:53Z [INFO] === BOOT_CHAIN ===
2026-04-21T00:38:53Z [INFO] Installing ZFSBootMenu from source...
2026-04-21T00:38:56Z [INFO] ZFSBootMenu v3.1.0 installed.
2026-04-21T00:38:56Z [INFO] Installing dracut configuration...
2026-04-21T00:38:56Z [INFO] dracut config installed.
2026-04-21T00:38:56Z [INFO] Installing ZFSBootMenu generate-zbm configuration...
2026-04-21T00:38:56Z [INFO] ZFSBootMenu config installed.
2026-04-21T00:38:56Z [INFO] Installing /etc/default/zfs...
2026-04-21T00:38:56Z [INFO] /etc/default/zfs installed.
2026-04-21T00:38:56Z [INFO] Installing ZFSBootMenu dracut conf.d...
2026-04-21T00:38:56Z [INFO] ZFSBootMenu dracut conf.d installed.
2026-04-21T00:38:56Z [INFO] Installing NVIDIA modprobe configurations...
2026-04-21T00:38:56Z [INFO]   NVIDIA modprobe configs installed.
2026-04-21T00:38:56Z [INFO] Installing NVIDIA udev rules...
2026-04-21T00:38:56Z [INFO]   NVIDIA udev rules installed.
2026-04-21T00:38:56Z [INFO] Installing sysctl tuning...
2026-04-21T00:38:56Z [INFO]   Sysctl tuning installed.
2026-04-21T00:38:56Z [INFO] Installing ZFS module tuning...
2026-04-21T00:38:56Z [INFO]   ZFS module tuning installed.
2026-04-21T00:38:56Z [INFO] Generating ZFSBootMenu artifacts with generate-zbm...
2026-04-21T00:39:17Z [INFO] ZFSBootMenu artifacts generated.
2026-04-21T00:39:17Z [INFO] Validating EFI partition and generated boot artifacts...
2026-04-21T00:39:17Z [ERR ] EFI partition not mounted

═══════════════════════════════════════════
STAGE RETRY: 2026-04-21T00:39:41Z
═══════════════════════════════════════════

2026-04-21T00:39:41Z [INFO] Starting stage: BOOT_CHAIN
2026-04-21T00:39:41Z [INFO] === BOOT_CHAIN ===
2026-04-21T00:39:41Z [INFO] Installing ZFSBootMenu from source...
2026-04-21T00:39:44Z [INFO] ZFSBootMenu v3.1.0 installed.
2026-04-21T00:39:44Z [INFO] Installing dracut configuration...
2026-04-21T00:39:44Z [INFO] dracut config installed.
2026-04-21T00:39:44Z [INFO] Installing ZFSBootMenu generate-zbm configuration...
2026-04-21T00:39:44Z [INFO] ZFSBootMenu config installed.
2026-04-21T00:39:44Z [INFO] Installing /etc/default/zfs...
2026-04-21T00:39:44Z [INFO] /etc/default/zfs installed.
2026-04-21T00:39:44Z [INFO] Installing ZFSBootMenu dracut conf.d...
2026-04-21T00:39:44Z [INFO] ZFSBootMenu dracut conf.d installed.
2026-04-21T00:39:44Z [INFO] Installing NVIDIA modprobe configurations...
2026-04-21T00:39:44Z [INFO]   NVIDIA modprobe configs installed.
2026-04-21T00:39:44Z [INFO] Installing NVIDIA udev rules...
2026-04-21T00:39:44Z [INFO]   NVIDIA udev rules installed.
2026-04-21T00:39:44Z [INFO] Installing sysctl tuning...
2026-04-21T00:39:44Z [INFO]   Sysctl tuning installed.
2026-04-21T00:39:44Z [INFO] Installing ZFS module tuning...
2026-04-21T00:39:44Z [INFO]   ZFS module tuning installed.
2026-04-21T00:39:44Z [INFO] Generating ZFSBootMenu artifacts with generate-zbm...
2026-04-21T00:40:04Z [INFO] ZFSBootMenu artifacts generated.
2026-04-21T00:40:04Z [INFO] Validating EFI partition and generated boot artifacts...
2026-04-21T00:40:04Z [WARN] dosfsck reported issues (may be benign)
2026-04-21T00:40:05Z [ERR ] EFI partition insufficient free space: 262090752 bytes free, 301062375 bytes required

═══════════════════════════════════════════
STAGE RETRY: 2026-04-21T00:40:37Z
═══════════════════════════════════════════

2026-04-21T00:40:37Z [INFO] Starting stage: BOOT_CHAIN
2026-04-21T00:40:37Z [INFO] === BOOT_CHAIN ===
2026-04-21T00:40:37Z [INFO] Installing ZFSBootMenu from source...
2026-04-21T00:40:39Z [INFO] ZFSBootMenu v3.1.0 installed.
2026-04-21T00:40:39Z [INFO] Installing dracut configuration...
2026-04-21T00:40:39Z [INFO] dracut config installed.
2026-04-21T00:40:39Z [INFO] Installing ZFSBootMenu generate-zbm configuration...
2026-04-21T00:40:39Z [INFO] ZFSBootMenu config installed.
2026-04-21T00:40:39Z [INFO] Installing /etc/default/zfs...
2026-04-21T00:40:39Z [INFO] /etc/default/zfs installed.
2026-04-21T00:40:39Z [INFO] Installing ZFSBootMenu dracut conf.d...
2026-04-21T00:40:39Z [INFO] ZFSBootMenu dracut conf.d installed.
2026-04-21T00:40:39Z [INFO] Installing NVIDIA modprobe configurations...
2026-04-21T00:40:39Z [INFO]   NVIDIA modprobe configs installed.
2026-04-21T00:40:39Z [INFO] Installing NVIDIA udev rules...
2026-04-21T00:40:39Z [INFO]   NVIDIA udev rules installed.
2026-04-21T00:40:39Z [INFO] Installing sysctl tuning...
2026-04-21T00:40:39Z [INFO]   Sysctl tuning installed.
2026-04-21T00:40:39Z [INFO] Installing ZFS module tuning...
2026-04-21T00:40:39Z [INFO]   ZFS module tuning installed.
2026-04-21T00:40:39Z [INFO] Generating ZFSBootMenu artifacts with generate-zbm...
2026-04-21T00:41:00Z [INFO] Pruning non-authoritative backup artifacts from /EFI/zbm...
2026-04-21T00:41:00Z [INFO] ZFSBootMenu artifacts generated.
2026-04-21T00:41:00Z [INFO] Validating EFI partition and generated boot artifacts...
2026-04-21T00:41:00Z [WARN] dosfsck reported issues (may be benign)
2026-04-21T00:41:00Z [ERR ] Component initramfs missing /init: /mnt/install/boot/efi/EFI/zbm/initramfs-bootmenu.img

═══════════════════════════════════════════
STAGE RETRY: 2026-04-21T00:41:29Z
═══════════════════════════════════════════

2026-04-21T00:41:29Z [INFO] Starting stage: BOOT_CHAIN
2026-04-21T00:41:29Z [INFO] === BOOT_CHAIN ===
2026-04-21T00:41:29Z [INFO] Installing ZFSBootMenu from source...
2026-04-21T00:41:31Z [INFO] ZFSBootMenu v3.1.0 installed.
2026-04-21T00:41:31Z [INFO] Installing dracut configuration...
2026-04-21T00:41:31Z [INFO] dracut config installed.
2026-04-21T00:41:31Z [INFO] Installing ZFSBootMenu generate-zbm configuration...
2026-04-21T00:41:31Z [INFO] ZFSBootMenu config installed.
2026-04-21T00:41:31Z [INFO] Installing /etc/default/zfs...
2026-04-21T00:41:31Z [INFO] /etc/default/zfs installed.
2026-04-21T00:41:31Z [INFO] Installing ZFSBootMenu dracut conf.d...
2026-04-21T00:41:31Z [INFO] ZFSBootMenu dracut conf.d installed.
2026-04-21T00:41:31Z [INFO] Installing NVIDIA modprobe configurations...
2026-04-21T00:41:31Z [INFO]   NVIDIA modprobe configs installed.
2026-04-21T00:41:31Z [INFO] Installing NVIDIA udev rules...
2026-04-21T00:41:31Z [INFO]   NVIDIA udev rules installed.
2026-04-21T00:41:31Z [INFO] Installing sysctl tuning...
2026-04-21T00:41:31Z [INFO]   Sysctl tuning installed.
2026-04-21T00:41:31Z [INFO] Installing ZFS module tuning...
2026-04-21T00:41:31Z [INFO]   ZFS module tuning installed.
2026-04-21T00:41:31Z [INFO] Generating ZFSBootMenu artifacts with generate-zbm...
2026-04-21T00:41:51Z [INFO] Pruning non-authoritative backup artifacts from /EFI/zbm...
2026-04-21T00:41:51Z [INFO] ZFSBootMenu artifacts generated.
2026-04-21T00:41:51Z [INFO] Validating EFI partition and generated boot artifacts...
2026-04-21T00:41:51Z [WARN] dosfsck reported issues (may be benign)
2026-04-21T00:41:53Z [ERR ] Component initramfs missing /init: /mnt/install/boot/efi/EFI/zbm/initramfs-bootmenu.img

═══════════════════════════════════════════
STAGE RETRY: 2026-04-21T00:42:22Z
═══════════════════════════════════════════

2026-04-21T00:42:22Z [INFO] Starting stage: BOOT_CHAIN
2026-04-21T00:42:22Z [INFO] === BOOT_CHAIN ===
2026-04-21T00:42:22Z [INFO] Installing ZFSBootMenu from source...
2026-04-21T00:42:25Z [INFO] ZFSBootMenu v3.1.0 installed.
2026-04-21T00:42:25Z [INFO] Installing dracut configuration...
2026-04-21T00:42:25Z [INFO] dracut config installed.
2026-04-21T00:42:25Z [INFO] Installing ZFSBootMenu generate-zbm configuration...
2026-04-21T00:42:25Z [INFO] ZFSBootMenu config installed.
2026-04-21T00:42:25Z [INFO] Installing /etc/default/zfs...
2026-04-21T00:42:25Z [INFO] /etc/default/zfs installed.
2026-04-21T00:42:25Z [INFO] Installing ZFSBootMenu dracut conf.d...
2026-04-21T00:42:25Z [INFO] ZFSBootMenu dracut conf.d installed.
2026-04-21T00:42:25Z [INFO] Installing NVIDIA modprobe configurations...
2026-04-21T00:42:25Z [INFO]   NVIDIA modprobe configs installed.
2026-04-21T00:42:25Z [INFO] Installing NVIDIA udev rules...
2026-04-21T00:42:25Z [INFO]   NVIDIA udev rules installed.
2026-04-21T00:42:25Z [INFO] Installing sysctl tuning...
2026-04-21T00:42:25Z [INFO]   Sysctl tuning installed.
2026-04-21T00:42:25Z [INFO] Installing ZFS module tuning...
2026-04-21T00:42:25Z [INFO]   ZFS module tuning installed.
2026-04-21T00:42:25Z [INFO] Generating ZFSBootMenu artifacts with generate-zbm...
2026-04-21T00:42:44Z [INFO] Pruning non-authoritative backup artifacts from /EFI/zbm...
2026-04-21T00:42:45Z [INFO] ZFSBootMenu artifacts generated.
2026-04-21T00:42:45Z [INFO] Validating EFI partition and generated boot artifacts...
2026-04-21T00:42:45Z [WARN] dosfsck reported issues (may be benign)
2026-04-21T00:42:50Z [WARN] Compatibility fallback missing at /EFI/BOOT/BOOTX64.EFI
2026-04-21T00:42:50Z [INFO] EFI partition validated: authoritative bundle present, executable format verified, space OK.
2026-04-21T00:42:50Z [INFO] Installing compatibility fallback artifact (non-authoritative)...
2026-04-21T00:42:50Z [WARN] Compatibility-only fallback copied to /EFI/BOOT/BOOTX64.EFI; authoritative loader remains /EFI/zbm/zfsbootmenu.EFI
2026-04-21T00:42:50Z [INFO] Registering authoritative EFI boot entry...
2026-04-21T00:42:50Z [ERR ] EFI boot entry registration failed

═══════════════════════════════════════════
STAGE RETRY: 2026-04-21T00:43:09Z
═══════════════════════════════════════════

2026-04-21T00:43:09Z [INFO] Starting stage: BOOT_CHAIN
2026-04-21T00:43:09Z [INFO] === BOOT_CHAIN ===
2026-04-21T00:43:09Z [INFO] Installing ZFSBootMenu from source...
2026-04-21T00:43:11Z [INFO] ZFSBootMenu v3.1.0 installed.
2026-04-21T00:43:11Z [INFO] Installing dracut configuration...
2026-04-21T00:43:11Z [INFO] dracut config installed.
2026-04-21T00:43:11Z [INFO] Installing ZFSBootMenu generate-zbm configuration...
2026-04-21T00:43:11Z [INFO] ZFSBootMenu config installed.
2026-04-21T00:43:11Z [INFO] Installing /etc/default/zfs...
2026-04-21T00:43:11Z [INFO] /etc/default/zfs installed.
2026-04-21T00:43:11Z [INFO] Installing ZFSBootMenu dracut conf.d...
2026-04-21T00:43:11Z [INFO] ZFSBootMenu dracut conf.d installed.
2026-04-21T00:43:11Z [INFO] Installing NVIDIA modprobe configurations...
2026-04-21T00:43:11Z [INFO]   NVIDIA modprobe configs installed.
2026-04-21T00:43:11Z [INFO] Installing NVIDIA udev rules...
2026-04-21T00:43:11Z [INFO]   NVIDIA udev rules installed.
2026-04-21T00:43:11Z [INFO] Installing sysctl tuning...
2026-04-21T00:43:11Z [INFO]   Sysctl tuning installed.
2026-04-21T00:43:11Z [INFO] Installing ZFS module tuning...
2026-04-21T00:43:11Z [INFO]   ZFS module tuning installed.
2026-04-21T00:43:11Z [INFO] Generating ZFSBootMenu artifacts with generate-zbm...
2026-04-21T00:43:31Z [INFO] Pruning non-authoritative backup artifacts from /EFI/zbm...
2026-04-21T00:43:31Z [INFO] ZFSBootMenu artifacts generated.
2026-04-21T00:43:31Z [INFO] Validating EFI partition and generated boot artifacts...
2026-04-21T00:43:31Z [WARN] dosfsck reported issues (may be benign)
2026-04-21T00:43:36Z [INFO] EFI partition validated: authoritative bundle present, executable format verified, space OK.
2026-04-21T00:43:36Z [INFO] Installing compatibility fallback artifact (non-authoritative)...
2026-04-21T00:43:36Z [WARN] Compatibility-only fallback copied to /EFI/BOOT/BOOTX64.EFI; authoritative loader remains /EFI/zbm/zfsbootmenu.EFI
2026-04-21T00:43:36Z [INFO] Registering authoritative EFI boot entry...
2026-04-21T00:43:36Z [WARN] EFI boot entry registration failed; firmware may require manual boot entry setup
2026-04-21T00:43:36Z [INFO] Running pool import test...
2026-04-21T00:43:36Z [WARN] Failed to export pool for import test
2026-04-21T00:44:07Z [ERR ] Command timed out after 30s: chroot
/mnt/install
zpool
import
-N
-o
readonly=on
ACABROOT-C2A8
2026-04-21T00:44:07Z [WARN] Pool import test failed (non-fatal for altroot installs)
2026-04-21T00:44:07Z [WARN] Failed to restore writable pool import after import test
2026-04-21T00:44:07Z [INFO] BOOT_CHAIN complete.

═══════════════════════════════════════════
STAGE RETRY: 2026-04-21T04:03:19Z
═══════════════════════════════════════════

2026-04-21T04:03:19Z [INFO] === BOOT_CHAIN ===
2026-04-21T04:03:19Z [INFO] ZBM profile: bringup
2026-04-21T04:03:19Z [INFO] ZFS import mode: scan
2026-04-21T04:03:19Z [INFO] Include zpool.cache in ZBM initramfs: false
2026-04-21T04:03:19Z [INFO] Installing ZFSBootMenu from source...
2026-04-21T04:03:19Z [ERR ] Unhandled error in /opt/installer/lib/common.sh:chroot_mount at line 401

═══════════════════════════════════════════
STAGE RETRY: 2026-04-21T04:06:08Z
═══════════════════════════════════════════

2026-04-21T04:06:08Z [INFO] === BOOT_CHAIN ===
2026-04-21T04:06:09Z [INFO] ZBM profile: bringup
2026-04-21T04:06:09Z [INFO] ZFS import mode: scan
2026-04-21T04:06:09Z [INFO] Include zpool.cache in ZBM initramfs: false
2026-04-21T04:06:09Z [INFO] Installing ZFSBootMenu from source...
2026-04-21T04:06:12Z [INFO] ZFSBootMenu v3.1.0 installed.
2026-04-21T04:06:12Z [INFO] Installing dracut configuration...
2026-04-21T04:06:12Z [INFO] dracut config installed.
2026-04-21T04:06:12Z [INFO] Installing ZFSBootMenu generate-zbm configuration...
2026-04-21T04:06:12Z [INFO] ZFSBootMenu config installed.
2026-04-21T04:06:12Z [INFO] Installing /etc/default/zfs...
2026-04-21T04:06:12Z [INFO] /etc/default/zfs installed.
2026-04-21T04:06:12Z [INFO] Installing ZFSBootMenu dracut conf.d...
2026-04-21T04:06:12Z [INFO] ZFSBootMenu dracut conf.d installed.
2026-04-21T04:06:12Z [INFO] Installing NVIDIA modprobe configurations...
2026-04-21T04:06:12Z [INFO]   NVIDIA modprobe configs installed.
2026-04-21T04:06:12Z [INFO] Installing NVIDIA udev rules...
2026-04-21T04:06:12Z [INFO]   NVIDIA udev rules installed.
2026-04-21T04:06:12Z [INFO] Installing sysctl tuning...
2026-04-21T04:06:12Z [INFO]   Sysctl tuning installed.
2026-04-21T04:06:12Z [INFO] Installing ZFS module tuning...
2026-04-21T04:06:12Z [INFO]   ZFS module tuning installed.
2026-04-21T04:06:12Z [INFO] Generating ZFSBootMenu artifacts with generate-zbm...
2026-04-21T04:06:35Z [ERR ] generate-zbm failed

═══════════════════════════════════════════
STAGE RETRY: 2026-04-21T04:10:32Z
═══════════════════════════════════════════

2026-04-21T04:10:32Z [INFO] === BOOT_CHAIN ===
2026-04-21T04:10:32Z [INFO] ZBM profile: bringup
2026-04-21T04:10:32Z [INFO] ZFS import mode: scan
2026-04-21T04:10:32Z [INFO] Include zpool.cache in ZBM initramfs: false
2026-04-21T04:10:32Z [INFO] Installing ZFSBootMenu from source...
2026-04-21T04:10:35Z [INFO] ZFSBootMenu v3.1.0 installed.
2026-04-21T04:10:35Z [INFO] Installing dracut configuration...
2026-04-21T04:10:35Z [INFO] dracut config installed.
2026-04-21T04:10:35Z [INFO] Installing ZFSBootMenu generate-zbm configuration...
2026-04-21T04:10:35Z [INFO] ZFSBootMenu config installed.
2026-04-21T04:10:35Z [INFO] Installing /etc/default/zfs...
2026-04-21T04:10:35Z [INFO] /etc/default/zfs installed.
2026-04-21T04:10:35Z [INFO] Installing ZFSBootMenu dracut conf.d...
2026-04-21T04:10:35Z [INFO] ZFSBootMenu dracut conf.d installed.
2026-04-21T04:10:35Z [INFO] Installing NVIDIA modprobe configurations...
2026-04-21T04:10:35Z [INFO]   NVIDIA modprobe configs installed.
2026-04-21T04:10:35Z [INFO] Installing NVIDIA udev rules...
2026-04-21T04:10:35Z [INFO]   NVIDIA udev rules installed.
2026-04-21T04:10:35Z [INFO] Installing sysctl tuning...
2026-04-21T04:10:35Z [INFO]   Sysctl tuning installed.
2026-04-21T04:10:35Z [INFO] Installing ZFS module tuning...
2026-04-21T04:10:35Z [INFO]   ZFS module tuning installed.
2026-04-21T04:10:35Z [INFO] Generating ZFSBootMenu artifacts with generate-zbm...
2026-04-21T04:10:57Z [INFO] Pruning non-authoritative backup artifacts from /EFI/zbm...
2026-04-21T04:10:57Z [INFO] ZFSBootMenu artifacts generated.
2026-04-21T04:10:57Z [INFO] Validating EFI partition and generated boot artifacts...
2026-04-21T04:11:27Z [ERR ] Command timed out after 30s: dosfsck
-n
/dev/nvme0n1p1
2026-04-21T04:11:27Z [WARN] dosfsck reported issues (may be benign)
2026-04-21T04:11:33Z [WARN] Compatibility fallback missing at /EFI/BOOT/BOOTX64.EFI
2026-04-21T04:11:33Z [INFO] EFI partition validated: authoritative bundle present, executable format verified, space OK.
2026-04-21T04:11:33Z [INFO] Installing compatibility fallback artifact (non-authoritative)...
2026-04-21T04:11:33Z [WARN] Compatibility-only fallback copied to /EFI/BOOT/BOOTX64.EFI; authoritative loader remains /EFI/zbm/zfsbootmenu.EFI
2026-04-21T04:11:33Z [INFO] Registering authoritative EFI boot entry...
2026-04-21T04:11:33Z [WARN] EFI boot entry registration failed; firmware may require manual boot entry setup
2026-04-21T04:11:33Z [INFO] Running pool import test...
2026-04-21T04:11:33Z [WARN] Failed to export pool for import test
2026-04-21T04:12:03Z [ERR ] Command timed out after 30s: chroot
/mnt/install
zpool
import
-N
-o
readonly=on
ACABROOT-C2A8
2026-04-21T04:12:03Z [WARN] Pool import test failed (non-fatal for altroot installs)
2026-04-21T04:12:03Z [WARN] Failed to restore writable pool import after import test
2026-04-21T04:12:03Z [ERR ] Unhandled error in /opt/installer/lib/common.sh:chroot_umount at line 409
2026-04-21T04:12:03Z [ERR ] Unhandled error in /opt/installer/lib/common.sh:chroot_umount at line 409

═══════════════════════════════════════════
STAGE RETRY: 2026-04-21T07:01:37Z
═══════════════════════════════════════════

2026-04-21T07:01:37Z [INFO] === BOOT_CHAIN ===
2026-04-21T07:01:37Z [INFO] ZBM profile: bringup
2026-04-21T07:01:37Z [INFO] ZFS import mode: scan
2026-04-21T07:01:37Z [INFO] Include zpool.cache in ZBM initramfs: false
2026-04-21T07:01:37Z [INFO] Installing ZFSBootMenu from source...
2026-04-21T07:01:40Z [INFO] ZFSBootMenu v3.1.0 installed.
2026-04-21T07:01:40Z [INFO] Installing dracut configuration...
2026-04-21T07:01:40Z [INFO] dracut config installed.
2026-04-21T07:01:40Z [INFO] Installing ZFSBootMenu generate-zbm configuration...
2026-04-21T07:01:40Z [INFO] ZFSBootMenu config installed.
2026-04-21T07:01:40Z [INFO] Installing /etc/default/zfs...
2026-04-21T07:01:40Z [INFO] /etc/default/zfs installed.
2026-04-21T07:01:40Z [INFO] Installing ZFSBootMenu dracut conf.d...
2026-04-21T07:01:40Z [INFO] ZFSBootMenu dracut conf.d installed.
2026-04-21T07:01:40Z [INFO] Installing NVIDIA modprobe configurations...
2026-04-21T07:01:40Z [INFO]   NVIDIA modprobe configs installed.
2026-04-21T07:01:40Z [INFO] Installing NVIDIA udev rules...
2026-04-21T07:01:40Z [INFO]   NVIDIA udev rules installed.
2026-04-21T07:01:40Z [INFO] Installing sysctl tuning...
2026-04-21T07:01:40Z [INFO]   Sysctl tuning installed.
2026-04-21T07:01:40Z [INFO] Installing ZFS module tuning...
2026-04-21T07:01:40Z [INFO]   ZFS module tuning installed.
2026-04-21T07:01:40Z [INFO] Generating ZFSBootMenu artifacts with generate-zbm...
2026-04-21T07:02:04Z [INFO] Bringup assertion: verifying bundled EFI contains rd.break=pre-mount...
2026-04-21T07:02:04Z [ERR ] Bringup assertion failed: /EFI/zbm/zfsbootmenu.EFI does not contain rd.break=pre-mount

═══════════════════════════════════════════
STAGE RETRY: 2026-04-21T07:08:29Z
═══════════════════════════════════════════

2026-04-21T07:08:29Z [INFO] === BOOT_CHAIN ===
2026-04-21T07:08:29Z [INFO] ZBM profile: bringup
2026-04-21T07:08:29Z [INFO] ZFS import mode: scan
2026-04-21T07:08:29Z [INFO] Include zpool.cache in ZBM initramfs: false
2026-04-21T07:08:29Z [INFO] Installing ZFSBootMenu from source...
2026-04-21T07:08:32Z [INFO] ZFSBootMenu v3.1.0 installed.
2026-04-21T07:08:32Z [INFO] Installing dracut configuration...
2026-04-21T07:08:32Z [INFO] dracut config installed.
2026-04-21T07:08:32Z [INFO] Installing ZFSBootMenu generate-zbm configuration...
2026-04-21T07:08:32Z [INFO] ZFSBootMenu config installed.
2026-04-21T07:08:32Z [INFO] Installing /etc/default/zfs...
2026-04-21T07:08:32Z [INFO] /etc/default/zfs installed.
2026-04-21T07:08:32Z [INFO] Installing ZFSBootMenu dracut conf.d...
2026-04-21T07:08:32Z [INFO] ZFSBootMenu dracut conf.d installed.
2026-04-21T07:08:32Z [INFO] Installing NVIDIA modprobe configurations...
2026-04-21T07:08:32Z [INFO]   NVIDIA modprobe configs installed.
2026-04-21T07:08:32Z [INFO] Installing NVIDIA udev rules...
2026-04-21T07:08:32Z [INFO]   NVIDIA udev rules installed.
2026-04-21T07:08:32Z [INFO] Installing sysctl tuning...
2026-04-21T07:08:32Z [INFO]   Sysctl tuning installed.
2026-04-21T07:08:32Z [INFO] Installing ZFS module tuning...
2026-04-21T07:08:32Z [INFO]   ZFS module tuning installed.
2026-04-21T07:08:32Z [INFO] Generating ZFSBootMenu artifacts with generate-zbm...
2026-04-21T07:08:53Z [INFO] Bringup assertion: verifying bundled EFI contains rd.break=pre-mount...
2026-04-21T07:08:53Z [INFO] Pruning non-authoritative backup artifacts from /EFI/zbm...
2026-04-21T07:08:53Z [INFO] ZFSBootMenu artifacts generated.
2026-04-21T07:08:53Z [INFO] Validating EFI partition and generated boot artifacts...
2026-04-21T07:08:53Z [WARN] dosfsck reported issues (may be benign)
2026-04-21T07:08:59Z [WARN] Compatibility fallback missing at /EFI/BOOT/BOOTX64.EFI
2026-04-21T07:08:59Z [INFO] EFI partition validated: authoritative bundle present, executable format verified, space OK.
2026-04-21T07:08:59Z [INFO] Installing compatibility fallback artifact (non-authoritative)...
2026-04-21T07:09:00Z [WARN] Compatibility-only fallback copied to /EFI/BOOT/BOOTX64.EFI; authoritative loader remains /EFI/zbm/zfsbootmenu.EFI
2026-04-21T07:09:00Z [INFO] Bringup assertion: verifying fallback BOOTX64.EFI matches authoritative bundle...
2026-04-21T07:09:00Z [INFO] Registering authoritative EFI boot entry...
2026-04-21T07:09:00Z [WARN] EFI boot entry registration failed; firmware may require manual boot entry setup
2026-04-21T07:09:00Z [INFO] Running pool import test...
2026-04-21T07:09:00Z [WARN] Failed to export pool for import test
2026-04-21T07:09:30Z [ERR ] Command timed out after 30s: chroot
/mnt/install
zpool
import
-N
-o
readonly=on
ACABROOT-C2A8
2026-04-21T07:09:30Z [WARN] Pool import test failed (non-fatal for altroot installs)
2026-04-21T07:09:30Z [WARN] Failed to restore writable pool import after import test
2026-04-21T07:09:30Z [ERR ] Unhandled error in /opt/installer/lib/common.sh:chroot_umount at line 409
2026-04-21T07:09:30Z [ERR ] Unhandled error in /opt/installer/lib/common.sh:chroot_umount at line 409

═══════════════════════════════════════════
STAGE RETRY: 2026-04-21T10:34:14Z
═══════════════════════════════════════════

2026-04-21T10:34:14Z [INFO] Starting stage: BOOT_CHAIN
2026-04-21T10:34:14Z [INFO] === BOOT_CHAIN ===
2026-04-21T10:34:14Z [INFO] ZBM profile: bringup
2026-04-21T10:34:14Z [INFO] ZFS import mode: scan
2026-04-21T10:34:14Z [INFO] Include zpool.cache in ZBM initramfs: false
2026-04-21T10:34:14Z [INFO] Installing ZFSBootMenu from source...
2026-04-21T10:34:14Z [ERR ] apt-get update failed in target

═══════════════════════════════════════════
STAGE RETRY: 2026-04-21T10:34:54Z
═══════════════════════════════════════════

2026-04-21T10:34:54Z [INFO] Starting stage: BOOT_CHAIN
2026-04-21T10:34:54Z [INFO] === BOOT_CHAIN ===
2026-04-21T10:34:54Z [INFO] ZBM profile: bringup
2026-04-21T10:34:54Z [INFO] ZFS import mode: scan
2026-04-21T10:34:54Z [INFO] Include zpool.cache in ZBM initramfs: false
2026-04-21T10:34:54Z [INFO] Mounting ROOT dataset for post-bootstrap stages...
2026-04-21T10:34:54Z [INFO] Installing ZFSBootMenu from source...
2026-04-21T10:35:01Z [INFO] ZFSBootMenu v3.1.0 installed.
2026-04-21T10:35:01Z [INFO] Installing dracut configuration...
2026-04-21T10:35:01Z [INFO] dracut config installed.
2026-04-21T10:35:01Z [INFO] Installing ZFSBootMenu generate-zbm configuration...
2026-04-21T10:35:01Z [INFO] ZFSBootMenu config installed.
2026-04-21T10:35:01Z [INFO] Installing /etc/default/zfs...
2026-04-21T10:35:01Z [INFO] /etc/default/zfs installed.
2026-04-21T10:35:01Z [INFO] Installing ZFSBootMenu dracut conf.d...
2026-04-21T10:35:01Z [INFO] ZFSBootMenu dracut conf.d installed.
2026-04-21T10:35:01Z [INFO] Installing NVIDIA modprobe configurations...
2026-04-21T10:35:01Z [INFO]   NVIDIA modprobe configs installed.
2026-04-21T10:35:01Z [INFO] Installing NVIDIA udev rules...
2026-04-21T10:35:01Z [INFO]   NVIDIA udev rules installed.
2026-04-21T10:35:01Z [INFO] Installing sysctl tuning...
2026-04-21T10:35:01Z [INFO]   Sysctl tuning installed.
2026-04-21T10:35:01Z [INFO] Installing ZFS module tuning...
2026-04-21T10:35:01Z [INFO]   ZFS module tuning installed.
2026-04-21T10:35:01Z [INFO] Generating ZFSBootMenu artifacts with generate-zbm...
2026-04-21T10:35:20Z [INFO] Bringup assertion: verifying bundled EFI contains rd.break=pre-mount...
2026-04-21T10:35:21Z [INFO] Pruning non-authoritative backup artifacts from /EFI/zbm...
2026-04-21T10:35:21Z [INFO] ZFSBootMenu artifacts generated.
2026-04-21T10:35:21Z [INFO] Validating EFI partition and generated boot artifacts...
2026-04-21T10:35:21Z [WARN] dosfsck reported issues (may be benign)
2026-04-21T10:35:26Z [INFO] EFI partition validated: authoritative bundle present, executable format verified, space OK.
2026-04-21T10:35:26Z [INFO] Installing compatibility fallback artifact (non-authoritative)...
2026-04-21T10:35:26Z [WARN] Compatibility-only fallback copied to /EFI/BOOT/BOOTX64.EFI; authoritative loader remains /EFI/zbm/zfsbootmenu.EFI
2026-04-21T10:35:26Z [INFO] Bringup assertion: verifying fallback BOOTX64.EFI matches authoritative bundle...
2026-04-21T10:35:27Z [INFO] Registering authoritative EFI boot entry...
2026-04-21T10:35:27Z [WARN] EFI boot entry registration failed; firmware may require manual boot entry setup
2026-04-21T10:35:27Z [INFO] Running pool import test...
2026-04-21T10:35:27Z [WARN] Failed to export pool for import test
2026-04-21T10:35:57Z [ERR ] Command timed out after 30s: chroot
/mnt/install
zpool
import
-N
-o
readonly=on
ACABROOT-39F2
2026-04-21T10:35:57Z [WARN] Pool import test failed (non-fatal for altroot installs)
2026-04-21T10:35:57Z [WARN] Failed to restore writable pool import after import test
2026-04-21T10:35:57Z [INFO] BOOT_CHAIN complete.

═══════════════════════════════════════════
STAGE RETRY: 2026-04-21T12:41:21Z
═══════════════════════════════════════════

2026-04-21T12:41:21Z [INFO] Starting stage: BOOT_CHAIN
2026-04-21T12:41:21Z [INFO] === BOOT_CHAIN ===
2026-04-21T12:41:21Z [INFO] ZBM profile: default
2026-04-21T12:41:21Z [INFO] ZFS import mode: cache
2026-04-21T12:41:21Z [INFO] Include zpool.cache in ZBM initramfs: true
2026-04-21T12:41:21Z [INFO] Mounting ROOT dataset for post-bootstrap stages...
2026-04-21T12:41:21Z [INFO] Installing ZFSBootMenu from source...
2026-04-21T12:41:28Z [INFO] ZFSBootMenu v3.1.0 installed.
2026-04-21T12:41:28Z [INFO] Installing dracut configuration...
2026-04-21T12:41:28Z [INFO] dracut config installed.
2026-04-21T12:41:28Z [INFO] Installing ZFSBootMenu generate-zbm configuration...
2026-04-21T12:41:28Z [INFO] ZFSBootMenu config installed.
2026-04-21T12:41:28Z [INFO] Installing /etc/default/zfs...
2026-04-21T12:41:28Z [INFO] /etc/default/zfs installed.
2026-04-21T12:41:28Z [INFO] Installing ZFSBootMenu dracut conf.d...
2026-04-21T12:41:28Z [INFO] ZFSBootMenu dracut conf.d installed.
2026-04-21T12:41:28Z [INFO] Installing NVIDIA modprobe configurations...
2026-04-21T12:41:29Z [INFO]   NVIDIA modprobe configs installed.
2026-04-21T12:41:29Z [INFO] Installing NVIDIA udev rules...
2026-04-21T12:41:29Z [INFO]   NVIDIA udev rules installed.
2026-04-21T12:41:29Z [INFO] Installing sysctl tuning...
2026-04-21T12:41:29Z [INFO]   Sysctl tuning installed.
2026-04-21T12:41:29Z [INFO] Installing ZFS module tuning...
2026-04-21T12:41:29Z [INFO]   ZFS module tuning installed.
2026-04-21T12:41:29Z [INFO] Generating ZFSBootMenu artifacts with generate-zbm...
2026-04-21T12:41:48Z [INFO] Pruning non-authoritative backup artifacts from /EFI/zbm...
2026-04-21T12:41:48Z [INFO] ZFSBootMenu artifacts generated.
2026-04-21T12:41:48Z [INFO] Validating EFI partition and generated boot artifacts...
2026-04-21T12:41:48Z [WARN] dosfsck reported issues (may be benign)
2026-04-21T12:41:53Z [WARN] Compatibility fallback missing at /EFI/BOOT/BOOTX64.EFI
2026-04-21T12:41:53Z [INFO] EFI partition validated: authoritative bundle present, executable format verified, space OK.
2026-04-21T12:41:53Z [INFO] Installing compatibility fallback artifact (non-authoritative)...
2026-04-21T12:41:53Z [WARN] Compatibility-only fallback copied to /EFI/BOOT/BOOTX64.EFI; authoritative loader remains /EFI/zbm/zfsbootmenu.EFI
2026-04-21T12:41:53Z [INFO] Registering authoritative EFI boot entry...
2026-04-21T12:41:53Z [WARN] EFI boot entry registration failed; firmware may require manual boot entry setup
2026-04-21T12:41:53Z [INFO] Running pool import test...
2026-04-21T12:41:53Z [WARN] Failed to export pool for import test
2026-04-21T12:42:23Z [ERR ] Command timed out after 30s: chroot
/mnt/install
zpool
import
-N
-o
readonly=on
ACABROOT-7A1C
2026-04-21T12:42:23Z [WARN] Pool import test failed (non-fatal for altroot installs)
2026-04-21T12:42:23Z [WARN] Failed to restore writable pool import after import test
2026-04-21T12:42:23Z [INFO] BOOT_CHAIN complete.

═══════════════════════════════════════════
STAGE RETRY: 2026-04-21T14:38:56Z
═══════════════════════════════════════════

2026-04-21T14:38:56Z [INFO] Starting stage: BOOT_CHAIN
2026-04-21T14:38:56Z [INFO] === BOOT_CHAIN ===
2026-04-21T14:38:56Z [INFO] ZBM profile: default
2026-04-21T14:38:56Z [INFO] ZFS import mode: cache
2026-04-21T14:38:56Z [INFO] Include zpool.cache in ZBM initramfs: true
2026-04-21T14:38:56Z [INFO] Mounting ROOT dataset for post-bootstrap stages...
2026-04-21T14:38:56Z [ERR ] Target mountpoint /mnt/install is not mounted

═══════════════════════════════════════════
STAGE RETRY: 2026-04-21T14:39:57Z
═══════════════════════════════════════════

2026-04-21T14:39:57Z [INFO] Starting stage: BOOT_CHAIN
2026-04-21T14:39:57Z [INFO] === BOOT_CHAIN ===
2026-04-21T14:39:57Z [INFO] ZBM profile: default
2026-04-21T14:39:57Z [INFO] ZFS import mode: cache
2026-04-21T14:39:57Z [INFO] Include zpool.cache in ZBM initramfs: true
2026-04-21T14:39:57Z [INFO] Mounting ROOT dataset for post-bootstrap stages...
2026-04-21T14:39:57Z [ERR ] Failed to set mountpoint for ACABROOT-7A1C/ROOT/acabos

═══════════════════════════════════════════
STAGE RETRY: 2026-04-21T14:41:04Z
═══════════════════════════════════════════

2026-04-21T14:41:04Z [INFO] Starting stage: BOOT_CHAIN
2026-04-21T14:41:04Z [INFO] === BOOT_CHAIN ===
2026-04-21T14:41:04Z [INFO] ZBM profile: default
2026-04-21T14:41:04Z [INFO] ZFS import mode: cache
2026-04-21T14:41:04Z [INFO] Include zpool.cache in ZBM initramfs: true
2026-04-21T14:41:04Z [INFO] Mounting ROOT dataset for post-bootstrap stages...
2026-04-21T14:41:04Z [INFO] Installing ZFSBootMenu from source...
2026-04-21T14:41:07Z [INFO] ZFSBootMenu v3.1.0 installed.
2026-04-21T14:41:07Z [INFO] Installing dracut configuration...
2026-04-21T14:41:07Z [INFO] dracut config installed.
2026-04-21T14:41:07Z [INFO] Installing ZFSBootMenu generate-zbm configuration...
2026-04-21T14:41:07Z [INFO] ZFSBootMenu config installed.
2026-04-21T14:41:07Z [INFO] Installing /etc/default/zfs...
2026-04-21T14:41:07Z [INFO]   Populating zpool.cache from live pool ACABROOT-7A1C...
2026-04-21T14:41:07Z [INFO] /etc/default/zfs installed.
2026-04-21T14:41:07Z [INFO] Installing ZFSBootMenu dracut conf.d...
2026-04-21T14:41:07Z [INFO] ZFSBootMenu dracut conf.d installed.
2026-04-21T14:41:07Z [INFO] Installing NVIDIA modprobe configurations...
2026-04-21T14:41:07Z [INFO]   NVIDIA modprobe configs installed.
2026-04-21T14:41:07Z [INFO] Installing NVIDIA udev rules...
2026-04-21T14:41:07Z [INFO]   NVIDIA udev rules installed.
2026-04-21T14:41:07Z [INFO] Installing sysctl tuning...
2026-04-21T14:41:07Z [INFO]   Sysctl tuning installed.
2026-04-21T14:41:07Z [INFO] Installing ZFS module tuning...
2026-04-21T14:41:07Z [INFO]   ZFS module tuning installed.
2026-04-21T14:41:07Z [INFO] Generating ZFSBootMenu artifacts with generate-zbm...
2026-04-21T14:41:30Z [INFO] Pruning non-authoritative backup artifacts from /EFI/zbm...
2026-04-21T14:41:30Z [INFO] ZFSBootMenu artifacts generated.
2026-04-21T14:41:30Z [INFO] Validating EFI partition and generated boot artifacts...
2026-04-21T14:42:00Z [ERR ] Command timed out after 30s: dosfsck
-n
/dev/nvme0n1p1
2026-04-21T14:42:00Z [WARN] dosfsck reported issues (may be benign)
2026-04-21T14:42:00Z [ERR ] Bundled EFI artifact missing/empty: /mnt/install/boot/efi/EFI/zbm/zfsbootmenu.EFI
