
═══════════════════════════════════════════
STAGE RETRY: 2026-04-19T12:26:21Z
═══════════════════════════════════════════

2026-04-19T12:26:21Z [INFO] Starting stage: DESKTOP_SUBSTRATE
2026-04-19T12:26:21Z [INFO] === DESKTOP_SUBSTRATE ===
2026-04-19T12:26:21Z [INFO] Reading desktop package list...
2026-04-19T12:26:21Z [INFO]   Packages: 143 packages
2026-04-19T12:26:21Z [INFO] Installing desktop packages...
2026-04-19T12:26:21Z [ERR ] Desktop package installation failed

═══════════════════════════════════════════
STAGE RETRY: 2026-04-19T12:27:23Z
═══════════════════════════════════════════

2026-04-19T12:27:23Z [INFO] Starting stage: DESKTOP_SUBSTRATE
2026-04-19T12:27:23Z [INFO] === DESKTOP_SUBSTRATE ===
2026-04-19T12:27:23Z [INFO] Reading desktop package list...
2026-04-19T12:27:23Z [INFO]   Packages: 143 packages
2026-04-19T12:27:23Z [INFO] Installing desktop packages...
2026-04-19T12:27:23Z [ERR ] Desktop package installation failed

═══════════════════════════════════════════
STAGE RETRY: 2026-04-19T12:28:07Z
═══════════════════════════════════════════

2026-04-19T12:28:07Z [INFO] Starting stage: DESKTOP_SUBSTRATE
2026-04-19T12:28:07Z [INFO] === DESKTOP_SUBSTRATE ===
2026-04-19T12:28:07Z [INFO] Reading desktop package list...
2026-04-19T12:28:07Z [INFO]   Packages: 142 packages
2026-04-19T12:28:07Z [INFO] Installing desktop packages...
2026-04-19T12:28:07Z [ERR ] Desktop package installation failed

═══════════════════════════════════════════
STAGE RETRY: 2026-04-19T12:28:35Z
═══════════════════════════════════════════

2026-04-19T12:28:35Z [INFO] Starting stage: DESKTOP_SUBSTRATE
2026-04-19T12:28:35Z [INFO] === DESKTOP_SUBSTRATE ===
2026-04-19T12:28:35Z [INFO] Reading desktop package list...
2026-04-19T12:28:35Z [INFO]   Packages: 142 packages
2026-04-19T12:28:35Z [INFO] Installing desktop packages...
2026-04-19T12:34:06Z [INFO] Desktop packages installed.
2026-04-19T12:34:06Z [INFO] Installing Sway configuration...
2026-04-19T12:34:06Z [INFO]   Sway config installed.
2026-04-19T12:34:06Z [INFO] Installing Waybar configuration...
2026-04-19T12:34:06Z [INFO]   Waybar config installed.
2026-04-19T12:34:06Z [INFO] Installing desktop scripts...
2026-04-19T12:34:06Z [INFO]   Desktop scripts installed.
2026-04-19T12:34:06Z [INFO] Installing bashrc aliases...
2026-04-19T12:34:06Z [INFO]   Bashrc aliases appended.
2026-04-19T12:34:06Z [INFO] Installing user podman config skeleton...
2026-04-19T12:34:06Z [INFO]   User podman config skeleton installed.
2026-04-19T12:34:06Z [INFO] Creating user XDG directories...
2026-04-19T12:34:06Z [INFO]   User directories created.
2026-04-19T12:34:06Z [INFO] Validating desktop installation...
2026-04-19T12:34:06Z [INFO] DESKTOP_SUBSTRATE complete.

═══════════════════════════════════════════
STAGE RETRY: 2026-04-20T06:47:29Z
═══════════════════════════════════════════

2026-04-20T06:47:29Z [INFO] Starting stage: DESKTOP_SUBSTRATE
2026-04-20T06:47:29Z [INFO] === DESKTOP_SUBSTRATE ===
2026-04-20T06:47:29Z [INFO] Reading desktop package list...
2026-04-20T06:47:29Z [INFO]   Packages: 142 packages
2026-04-20T06:47:29Z [INFO] Installing desktop packages...
2026-04-20T06:53:12Z [INFO] Desktop packages installed.
2026-04-20T06:53:12Z [INFO] Installing Sway configuration...
2026-04-20T06:53:12Z [INFO]   Sway config installed.
2026-04-20T06:53:12Z [INFO] Installing Waybar configuration...
2026-04-20T06:53:12Z [INFO]   Waybar config installed.
2026-04-20T06:53:12Z [INFO] Installing desktop scripts...
2026-04-20T06:53:12Z [INFO]   Desktop scripts installed.
2026-04-20T06:53:12Z [INFO] Installing bashrc aliases...
2026-04-20T06:53:12Z [INFO]   Bashrc aliases appended.
2026-04-20T06:53:12Z [INFO] Installing user podman config skeleton...
2026-04-20T06:53:12Z [INFO]   User podman config skeleton installed.
2026-04-20T06:53:12Z [INFO] Creating user XDG directories...
2026-04-20T06:53:12Z [INFO]   User directories created.
2026-04-20T06:53:12Z [INFO] Validating desktop installation...
2026-04-20T06:53:13Z [INFO] DESKTOP_SUBSTRATE complete.

═══════════════════════════════════════════
STAGE RETRY: 2026-04-20T09:58:51Z
═══════════════════════════════════════════

2026-04-20T09:58:51Z [INFO] Starting stage: DESKTOP_SUBSTRATE
2026-04-20T09:58:51Z [INFO] === DESKTOP_SUBSTRATE ===
2026-04-20T09:58:51Z [INFO] Reading desktop package list...
2026-04-20T09:58:51Z [INFO]   Packages: 142 packages
2026-04-20T09:58:51Z [INFO] Installing desktop packages...
2026-04-20T10:04:27Z [INFO] Desktop packages installed.
2026-04-20T10:04:27Z [INFO] Installing Sway configuration...
2026-04-20T10:04:27Z [INFO]   Sway config installed.
2026-04-20T10:04:27Z [INFO] Installing Waybar configuration...
2026-04-20T10:04:27Z [INFO]   Waybar config installed.
2026-04-20T10:04:27Z [INFO] Installing desktop scripts...
2026-04-20T10:04:27Z [INFO]   Desktop scripts installed.
2026-04-20T10:04:27Z [INFO] Installing bashrc aliases...
2026-04-20T10:04:27Z [INFO]   Bashrc aliases appended.
2026-04-20T10:04:27Z [INFO] Installing user podman config skeleton...
2026-04-20T10:04:27Z [INFO]   User podman config skeleton installed.
2026-04-20T10:04:27Z [INFO] Creating user XDG directories...
2026-04-20T10:04:27Z [INFO]   User directories created.
2026-04-20T10:04:27Z [INFO] Validating desktop installation...
2026-04-20T10:04:27Z [INFO] DESKTOP_SUBSTRATE complete.

═══════════════════════════════════════════
STAGE RETRY: 2026-04-20T22:03:59Z
═══════════════════════════════════════════

2026-04-20T22:03:59Z [INFO] Starting stage: DESKTOP_SUBSTRATE
2026-04-20T22:03:59Z [INFO] === DESKTOP_SUBSTRATE ===
2026-04-20T22:03:59Z [INFO] Reading desktop package list...
2026-04-20T22:03:59Z [INFO]   Packages: 142 packages
2026-04-20T22:04:00Z [INFO] Installing desktop packages...
2026-04-20T22:09:37Z [INFO] Desktop packages installed.
2026-04-20T22:09:37Z [INFO] Installing Sway configuration...
2026-04-20T22:09:37Z [INFO]   Sway config installed.
2026-04-20T22:09:37Z [INFO] Installing Waybar configuration...
2026-04-20T22:09:37Z [INFO]   Waybar config installed.
2026-04-20T22:09:37Z [INFO] Installing desktop scripts...
2026-04-20T22:09:37Z [INFO]   Desktop scripts installed.
2026-04-20T22:09:37Z [INFO] Installing bashrc aliases...
2026-04-20T22:09:37Z [INFO]   Bashrc aliases appended.
2026-04-20T22:09:37Z [INFO] Installing user podman config skeleton...
2026-04-20T22:09:37Z [INFO]   User podman config skeleton installed.
2026-04-20T22:09:37Z [INFO] Creating user XDG directories...
2026-04-20T22:09:37Z [INFO]   User directories created.
2026-04-20T22:09:37Z [INFO] Validating desktop installation...
2026-04-20T22:09:37Z [INFO] DESKTOP_SUBSTRATE complete.

═══════════════════════════════════════════
STAGE RETRY: 2026-04-21T00:54:16Z
═══════════════════════════════════════════

2026-04-21T00:54:16Z [INFO] Starting stage: DESKTOP_SUBSTRATE
2026-04-21T00:54:16Z [INFO] === DESKTOP_SUBSTRATE ===
2026-04-21T00:54:16Z [INFO] Reading desktop package list...
2026-04-21T00:54:16Z [INFO]   Packages: 142 packages
2026-04-21T00:54:16Z [INFO] Installing desktop packages...
2026-04-21T00:59:58Z [INFO] Desktop packages installed.
2026-04-21T00:59:58Z [INFO] Installing Sway configuration...
2026-04-21T00:59:58Z [INFO]   Sway config installed.
2026-04-21T00:59:58Z [INFO] Installing Waybar configuration...
2026-04-21T00:59:58Z [INFO]   Waybar config installed.
2026-04-21T00:59:58Z [INFO] Installing desktop scripts...
2026-04-21T00:59:58Z [INFO]   Desktop scripts installed.
2026-04-21T00:59:58Z [INFO] Installing bashrc aliases...
2026-04-21T00:59:58Z [INFO]   Bashrc aliases appended.
2026-04-21T00:59:58Z [INFO] Installing user podman config skeleton...
2026-04-21T00:59:58Z [INFO]   User podman config skeleton installed.
2026-04-21T00:59:58Z [INFO] Creating user XDG directories...
2026-04-21T00:59:58Z [INFO]   User directories created.
2026-04-21T00:59:58Z [INFO] Validating desktop installation...
2026-04-21T00:59:58Z [INFO] DESKTOP_SUBSTRATE complete.

═══════════════════════════════════════════
STAGE RETRY: 2026-04-21T11:01:11Z
═══════════════════════════════════════════

2026-04-21T11:01:11Z [INFO] Starting stage: DESKTOP_SUBSTRATE
2026-04-21T11:01:11Z [INFO] === DESKTOP_SUBSTRATE ===
2026-04-21T11:01:11Z [INFO] Reading desktop package list...
2026-04-21T11:01:11Z [INFO]   Packages: 142 packages
2026-04-21T11:01:11Z [INFO] Installing desktop packages...
2026-04-21T11:06:52Z [INFO] Desktop packages installed.
2026-04-21T11:06:52Z [INFO] Installing Sway configuration...
2026-04-21T11:06:52Z [INFO]   Sway config installed.
2026-04-21T11:06:52Z [INFO] Installing Waybar configuration...
2026-04-21T11:06:52Z [INFO]   Waybar config installed.
2026-04-21T11:06:52Z [INFO] Installing desktop scripts...
2026-04-21T11:06:52Z [INFO]   Desktop scripts installed.
2026-04-21T11:06:52Z [INFO] Installing bashrc aliases...
2026-04-21T11:06:52Z [INFO]   Bashrc aliases appended.
2026-04-21T11:06:52Z [INFO] Installing user podman config skeleton...
2026-04-21T11:06:52Z [INFO]   User podman config skeleton installed.
2026-04-21T11:06:52Z [INFO] Creating user XDG directories...
2026-04-21T11:06:52Z [INFO]   User directories created.
2026-04-21T11:06:52Z [INFO] Validating desktop installation...
2026-04-21T11:06:52Z [INFO] DESKTOP_SUBSTRATE complete.

═══════════════════════════════════════════
STAGE RETRY: 2026-04-21T12:54:35Z
═══════════════════════════════════════════

2026-04-21T12:54:35Z [INFO] Starting stage: DESKTOP_SUBSTRATE
2026-04-21T12:54:35Z [INFO] === DESKTOP_SUBSTRATE ===
2026-04-21T12:54:35Z [INFO] Reading desktop package list...
2026-04-21T12:54:35Z [INFO]   Packages: 142 packages
2026-04-21T12:54:35Z [INFO] Installing desktop packages...
2026-04-21T13:00:13Z [INFO] Desktop packages installed.
2026-04-21T13:00:13Z [INFO] Installing Sway configuration...
2026-04-21T13:00:13Z [INFO]   Sway config installed.
2026-04-21T13:00:13Z [INFO] Installing Waybar configuration...
2026-04-21T13:00:13Z [INFO]   Waybar config installed.
2026-04-21T13:00:13Z [INFO] Installing desktop scripts...
2026-04-21T13:00:13Z [INFO]   Desktop scripts installed.
2026-04-21T13:00:13Z [INFO] Installing bashrc aliases...
2026-04-21T13:00:13Z [INFO]   Bashrc aliases appended.
2026-04-21T13:00:13Z [INFO] Installing user podman config skeleton...
2026-04-21T13:00:13Z [INFO]   User podman config skeleton installed.
2026-04-21T13:00:13Z [INFO] Creating user XDG directories...
2026-04-21T13:00:13Z [INFO]   User directories created.
2026-04-21T13:00:13Z [INFO] Validating desktop installation...
2026-04-21T13:00:13Z [INFO] DESKTOP_SUBSTRATE complete.
