
═══════════════════════════════════════════
STAGE RETRY: 2026-04-19T11:58:11Z
═══════════════════════════════════════════

2026-04-19T11:58:11Z [INFO] Starting stage: NVIDIA_BRINGUP
2026-04-19T11:58:11Z [INFO] === NVIDIA_BRINGUP ===
2026-04-19T11:58:11Z [INFO] Checking for pre-Turing GPU...
2026-04-19T11:58:11Z [INFO] GPU detected: 01:00.0 VGA compatible controller [0300]: NVIDIA Corporation AD104 [GeForce RTX 4070] [10de:2786] (rev a1)
01:00.1 Audio device [0403]: NVIDIA Corporation AD104 High Definition Audio Controller [10de:22bc] (rev a1)
2026-04-19T11:58:11Z [INFO] GPU model: RTX 4070
2026-04-19T11:58:11Z [INFO] Phase 0: Configuring NVIDIA APT repositories in target...
2026-04-19T11:58:12Z [ERR ] apt-get update for NVIDIA repos failed

═══════════════════════════════════════════
STAGE RETRY: 2026-04-19T12:02:40Z
═══════════════════════════════════════════

2026-04-19T12:02:40Z [INFO] Starting stage: NVIDIA_BRINGUP
2026-04-19T12:02:40Z [INFO] === NVIDIA_BRINGUP ===
2026-04-19T12:02:40Z [INFO] Checking for pre-Turing GPU...
2026-04-19T12:02:40Z [INFO] GPU detected: 01:00.0 VGA compatible controller [0300]: NVIDIA Corporation AD104 [GeForce RTX 4070] [10de:2786] (rev a1)
01:00.1 Audio device [0403]: NVIDIA Corporation AD104 High Definition Audio Controller [10de:22bc] (rev a1)
2026-04-19T12:02:40Z [INFO] GPU model: RTX 4070
2026-04-19T12:02:40Z [INFO] Phase 0: Configuring NVIDIA APT repositories in target...
2026-04-19T12:02:42Z [INFO] NVIDIA APT repositories configured.
2026-04-19T12:02:42Z [INFO] Phase 1: Installing NVIDIA packages...
2026-04-19T12:12:36Z [INFO] NVIDIA packages installed.
2026-04-19T12:12:36Z [INFO] Building NVIDIA DKMS...
2026-04-19T12:12:36Z [ERR ] NVIDIA DKMS autoinstall failed

═══════════════════════════════════════════
STAGE RETRY: 2026-04-19T12:13:29Z
═══════════════════════════════════════════

2026-04-19T12:13:29Z [INFO] Starting stage: NVIDIA_BRINGUP
2026-04-19T12:13:29Z [INFO] === NVIDIA_BRINGUP ===
2026-04-19T12:13:29Z [INFO] Checking for pre-Turing GPU...
2026-04-19T12:13:29Z [INFO] GPU detected: 01:00.0 VGA compatible controller [0300]: NVIDIA Corporation AD104 [GeForce RTX 4070] [10de:2786] (rev a1)
01:00.1 Audio device [0403]: NVIDIA Corporation AD104 High Definition Audio Controller [10de:22bc] (rev a1)
2026-04-19T12:13:29Z [INFO] GPU model: RTX 4070
2026-04-19T12:13:29Z [INFO] Phase 0: Configuring NVIDIA APT repositories in target...
2026-04-19T12:13:30Z [INFO] NVIDIA APT repositories configured.
2026-04-19T12:13:30Z [INFO] Phase 1: Installing NVIDIA packages...
2026-04-19T12:13:30Z [INFO] NVIDIA packages installed.
2026-04-19T12:13:30Z [INFO] Verifying NVIDIA DKMS build from package install...
2026-04-19T12:13:31Z [ERR ] NVIDIA DKMS not built for target kernel 6.19.11+deb13-amd64: nvidia/595.58.03, 6.19.11+deb13-amd64, x86_64: installed

═══════════════════════════════════════════
STAGE RETRY: 2026-04-19T12:14:10Z
═══════════════════════════════════════════

2026-04-19T12:14:10Z [INFO] Starting stage: NVIDIA_BRINGUP
2026-04-19T12:14:10Z [INFO] === NVIDIA_BRINGUP ===
2026-04-19T12:14:10Z [INFO] Checking for pre-Turing GPU...
2026-04-19T12:14:10Z [INFO] GPU detected: 01:00.0 VGA compatible controller [0300]: NVIDIA Corporation AD104 [GeForce RTX 4070] [10de:2786] (rev a1)
01:00.1 Audio device [0403]: NVIDIA Corporation AD104 High Definition Audio Controller [10de:22bc] (rev a1)
2026-04-19T12:14:10Z [INFO] GPU model: RTX 4070
2026-04-19T12:14:10Z [INFO] Phase 0: Configuring NVIDIA APT repositories in target...
2026-04-19T12:14:11Z [INFO] NVIDIA APT repositories configured.
2026-04-19T12:14:11Z [INFO] Phase 1: Installing NVIDIA packages...
2026-04-19T12:14:12Z [INFO] NVIDIA packages installed.
2026-04-19T12:14:12Z [INFO] Verifying NVIDIA DKMS build from package install...
2026-04-19T12:14:12Z [INFO] NVIDIA DKMS verified for kernel 6.19.11+deb13-amd64.
2026-04-19T12:14:12Z [INFO] Phase 2: Installing NVIDIA Container Toolkit...
2026-04-19T12:14:15Z [INFO]   nvidia-container-toolkit installed.
2026-04-19T12:14:15Z [INFO]   Container runtime config installed.
2026-04-19T12:14:15Z [INFO] Phase 2 complete: NVIDIA Container Toolkit installed.
2026-04-19T12:14:15Z [INFO] Phase 3: Configuring CUDA environment...
2026-04-19T12:14:15Z [INFO] Phase 3 complete: CUDA environment configured.
2026-04-19T12:14:15Z [INFO] Phase 4: Installing NVIDIA system services...
2026-04-19T12:14:15Z [INFO] Phase 4 complete: NVIDIA services enabled.
2026-04-19T12:14:15Z [INFO] Phase 5: Build validation...
2026-04-19T12:14:15Z [INFO]   DKMS status: installed
2026-04-19T12:14:15Z [INFO]   Module files present
2026-04-19T12:14:15Z [INFO] Phase 5 build validation passed.
2026-04-19T12:14:15Z [INFO] Phase 5: Runtime validation...
2026-04-19T12:14:15Z [INFO]   Runtime context: physical
2026-04-19T12:14:15Z [INFO]   Running physical hardware validation...
2026-04-19T12:14:15Z [INFO]   GPU detected: count=2
2026-04-19T12:14:15Z [ERR ] nvidia-smi failed on physical hardware

═══════════════════════════════════════════
STAGE RETRY: 2026-04-19T12:14:51Z
═══════════════════════════════════════════

2026-04-19T12:14:51Z [INFO] Starting stage: NVIDIA_BRINGUP
2026-04-19T12:14:51Z [INFO] === NVIDIA_BRINGUP ===
2026-04-19T12:14:51Z [INFO] Checking for pre-Turing GPU...
2026-04-19T12:14:51Z [INFO] GPU detected: 01:00.0 VGA compatible controller [0300]: NVIDIA Corporation AD104 [GeForce RTX 4070] [10de:2786] (rev a1)
01:00.1 Audio device [0403]: NVIDIA Corporation AD104 High Definition Audio Controller [10de:22bc] (rev a1)
2026-04-19T12:14:51Z [INFO] GPU model: RTX 4070
2026-04-19T12:14:51Z [INFO] Phase 0: Configuring NVIDIA APT repositories in target...
2026-04-19T12:14:52Z [INFO] NVIDIA APT repositories configured.
2026-04-19T12:14:52Z [INFO] Phase 1: Installing NVIDIA packages...
2026-04-19T12:14:52Z [INFO] NVIDIA packages installed.
2026-04-19T12:14:52Z [INFO] Verifying NVIDIA DKMS build from package install...
2026-04-19T12:14:53Z [INFO] NVIDIA DKMS verified for kernel 6.19.11+deb13-amd64.
2026-04-19T12:14:53Z [INFO] Phase 2: Installing NVIDIA Container Toolkit...
2026-04-19T12:14:53Z [INFO]   nvidia-container-toolkit installed.
2026-04-19T12:14:53Z [INFO]   Container runtime config installed.
2026-04-19T12:14:53Z [INFO] Phase 2 complete: NVIDIA Container Toolkit installed.
2026-04-19T12:14:53Z [INFO] Phase 3: Configuring CUDA environment...
2026-04-19T12:14:53Z [INFO] Phase 3 complete: CUDA environment configured.
2026-04-19T12:14:53Z [INFO] Phase 4: Installing NVIDIA system services...
2026-04-19T12:14:53Z [INFO] Phase 4 complete: NVIDIA services enabled.
2026-04-19T12:14:53Z [INFO] Phase 5: Build validation...
2026-04-19T12:14:54Z [INFO]   DKMS status: installed
2026-04-19T12:14:54Z [INFO]   Module files present
2026-04-19T12:14:54Z [INFO] Phase 5 build validation passed.
2026-04-19T12:14:54Z [INFO] Phase 5: Runtime validation...
2026-04-19T12:14:54Z [INFO]   Runtime context: physical
2026-04-19T12:14:54Z [INFO]   Running physical hardware validation...
2026-04-19T12:14:54Z [INFO]   GPU detected: count=2
2026-04-19T12:14:54Z [ERR ] nvidia-smi failed on physical hardware

═══════════════════════════════════════════
STAGE RETRY: 2026-04-19T12:15:19Z
═══════════════════════════════════════════

2026-04-19T12:15:19Z [INFO] Starting stage: NVIDIA_BRINGUP
2026-04-19T12:15:19Z [INFO] === NVIDIA_BRINGUP ===
2026-04-19T12:15:19Z [INFO] Checking for pre-Turing GPU...
2026-04-19T12:15:19Z [INFO] GPU detected: 01:00.0 VGA compatible controller [0300]: NVIDIA Corporation AD104 [GeForce RTX 4070] [10de:2786] (rev a1)
01:00.1 Audio device [0403]: NVIDIA Corporation AD104 High Definition Audio Controller [10de:22bc] (rev a1)
2026-04-19T12:15:19Z [INFO] GPU model: RTX 4070
2026-04-19T12:15:19Z [INFO] Phase 0: Configuring NVIDIA APT repositories in target...
2026-04-19T12:15:20Z [INFO] NVIDIA APT repositories configured.
2026-04-19T12:15:20Z [INFO] Phase 1: Installing NVIDIA packages...
2026-04-19T12:15:21Z [INFO] NVIDIA packages installed.
2026-04-19T12:15:21Z [INFO] Verifying NVIDIA DKMS build from package install...
2026-04-19T12:15:21Z [INFO] NVIDIA DKMS verified for kernel 6.19.11+deb13-amd64.
2026-04-19T12:15:21Z [INFO] Phase 2: Installing NVIDIA Container Toolkit...
2026-04-19T12:15:22Z [INFO]   nvidia-container-toolkit installed.
2026-04-19T12:15:22Z [INFO]   Container runtime config installed.
2026-04-19T12:15:22Z [INFO] Phase 2 complete: NVIDIA Container Toolkit installed.
2026-04-19T12:15:22Z [INFO] Phase 3: Configuring CUDA environment...
2026-04-19T12:15:22Z [INFO] Phase 3 complete: CUDA environment configured.
2026-04-19T12:15:22Z [INFO] Phase 4: Installing NVIDIA system services...
2026-04-19T12:15:22Z [INFO] Phase 4 complete: NVIDIA services enabled.
2026-04-19T12:15:22Z [INFO] Phase 5: Build validation...
2026-04-19T12:15:22Z [INFO]   DKMS status: installed
2026-04-19T12:15:22Z [INFO]   Module files present
2026-04-19T12:15:22Z [INFO] Phase 5 build validation passed.
2026-04-19T12:15:22Z [INFO] Phase 5: Runtime validation...
2026-04-19T12:15:22Z [INFO]   Runtime context: physical
2026-04-19T12:15:22Z [INFO]   Running physical hardware validation...
2026-04-19T12:15:22Z [INFO]   GPU detected: count=2
2026-04-19T12:15:22Z [ERR ] nvidia-smi binary not found in target

═══════════════════════════════════════════
STAGE RETRY: 2026-04-19T12:20:23Z
═══════════════════════════════════════════

2026-04-19T12:20:23Z [INFO] Starting stage: NVIDIA_BRINGUP
2026-04-19T12:20:23Z [INFO] === NVIDIA_BRINGUP ===
2026-04-19T12:20:23Z [INFO] Checking for pre-Turing GPU...
2026-04-19T12:20:23Z [INFO] GPU detected: 01:00.0 VGA compatible controller [0300]: NVIDIA Corporation AD104 [GeForce RTX 4070] [10de:2786] (rev a1)
01:00.1 Audio device [0403]: NVIDIA Corporation AD104 High Definition Audio Controller [10de:22bc] (rev a1)
2026-04-19T12:20:23Z [INFO] GPU model: RTX 4070
2026-04-19T12:20:23Z [INFO] Phase 0: Configuring NVIDIA APT repositories in target...
2026-04-19T12:20:25Z [INFO] NVIDIA APT repositories configured.
2026-04-19T12:20:25Z [INFO] Phase 1: Installing NVIDIA packages...
2026-04-19T12:20:26Z [INFO] NVIDIA packages installed.
2026-04-19T12:20:26Z [INFO] Verifying NVIDIA DKMS build from package install...
2026-04-19T12:20:27Z [INFO] NVIDIA DKMS verified for kernel 6.19.11+deb13-amd64.
2026-04-19T12:20:27Z [INFO] Phase 2: Installing NVIDIA Container Toolkit...
2026-04-19T12:20:27Z [INFO]   nvidia-container-toolkit installed.
2026-04-19T12:20:27Z [INFO]   Container runtime config installed.
2026-04-19T12:20:27Z [INFO] Phase 2 complete: NVIDIA Container Toolkit installed.
2026-04-19T12:20:27Z [INFO] Phase 3: Configuring CUDA environment...
2026-04-19T12:20:27Z [INFO] Phase 3 complete: CUDA environment configured.
2026-04-19T12:20:27Z [INFO] Phase 4: Installing NVIDIA system services...
2026-04-19T12:20:27Z [INFO] Phase 4 complete: NVIDIA services enabled.
2026-04-19T12:20:27Z [INFO] Phase 5: Build validation...
2026-04-19T12:20:28Z [INFO]   DKMS status: installed
2026-04-19T12:20:28Z [INFO]   Module files present
2026-04-19T12:20:28Z [INFO] Phase 5 build validation passed.
2026-04-19T12:20:28Z [INFO] Phase 5: Runtime validation...
2026-04-19T12:20:28Z [INFO]   Runtime context: physical
2026-04-19T12:20:28Z [INFO]   Running physical hardware validation...
2026-04-19T12:20:28Z [INFO]   GPU detected: count=2
2026-04-19T12:20:28Z [ERR ] nvidia-smi binary not found in target

═══════════════════════════════════════════
STAGE RETRY: 2026-04-19T12:25:33Z
═══════════════════════════════════════════

2026-04-19T12:25:33Z [INFO] Starting stage: NVIDIA_BRINGUP
2026-04-19T12:25:33Z [INFO] === NVIDIA_BRINGUP ===
2026-04-19T12:25:33Z [INFO] Checking for pre-Turing GPU...
2026-04-19T12:25:33Z [INFO] GPU detected: 01:00.0 VGA compatible controller [0300]: NVIDIA Corporation AD104 [GeForce RTX 4070] [10de:2786] (rev a1)
01:00.1 Audio device [0403]: NVIDIA Corporation AD104 High Definition Audio Controller [10de:22bc] (rev a1)
2026-04-19T12:25:33Z [INFO] GPU model: RTX 4070
2026-04-19T12:25:33Z [INFO] Phase 0: Configuring NVIDIA APT repositories in target...
2026-04-19T12:25:34Z [INFO] NVIDIA APT repositories configured.
2026-04-19T12:25:34Z [INFO] Phase 1: Installing NVIDIA packages...
2026-04-19T12:25:34Z [INFO] NVIDIA packages installed.
2026-04-19T12:25:34Z [INFO] Verifying NVIDIA DKMS build from package install...
2026-04-19T12:25:35Z [INFO] NVIDIA DKMS verified for kernel 6.19.11+deb13-amd64.
2026-04-19T12:25:35Z [INFO] Phase 2: Installing NVIDIA Container Toolkit...
2026-04-19T12:25:35Z [INFO]   nvidia-container-toolkit installed.
2026-04-19T12:25:35Z [INFO]   Container runtime config installed.
2026-04-19T12:25:35Z [INFO] Phase 2 complete: NVIDIA Container Toolkit installed.
2026-04-19T12:25:35Z [INFO] Phase 3: Configuring CUDA environment...
2026-04-19T12:25:35Z [INFO] Phase 3 complete: CUDA environment configured.
2026-04-19T12:25:35Z [INFO] Phase 4: Installing NVIDIA system services...
2026-04-19T12:25:35Z [INFO] Phase 4 complete: NVIDIA services enabled.
2026-04-19T12:25:35Z [INFO] Phase 5: Build validation...
2026-04-19T12:25:36Z [INFO]   DKMS status: installed
2026-04-19T12:25:36Z [INFO]   Module files present
2026-04-19T12:25:36Z [INFO] Phase 5 build validation passed.
2026-04-19T12:25:36Z [INFO] Phase 5: Runtime validation...
2026-04-19T12:25:36Z [INFO]   Runtime context: physical
2026-04-19T12:25:36Z [INFO]   Running physical hardware validation...
2026-04-19T12:25:36Z [INFO]   GPU detected: count=2
2026-04-19T12:25:36Z [INFO]   nvidia-smi package present (runtime test deferred to first boot)
2026-04-19T12:25:36Z [INFO]   Physical hardware validation passed.
2026-04-19T12:25:36Z [INFO] NVIDIA_BRINGUP complete.

═══════════════════════════════════════════
STAGE RETRY: 2026-04-20T06:37:29Z
═══════════════════════════════════════════

2026-04-20T06:37:29Z [INFO] Starting stage: NVIDIA_BRINGUP
2026-04-20T06:37:29Z [INFO] === NVIDIA_BRINGUP ===
2026-04-20T06:37:29Z [INFO] Checking for pre-Turing GPU...
2026-04-20T06:37:29Z [INFO] GPU detected: 01:00.0 VGA compatible controller [0300]: NVIDIA Corporation AD104 [GeForce RTX 4070] [10de:2786] (rev a1)
01:00.1 Audio device [0403]: NVIDIA Corporation AD104 High Definition Audio Controller [10de:22bc] (rev a1)
2026-04-20T06:37:29Z [INFO] GPU model: RTX 4070
2026-04-20T06:37:29Z [INFO] Phase 0: Configuring NVIDIA APT repositories in target...
2026-04-20T06:37:31Z [INFO] NVIDIA APT repositories configured.
2026-04-20T06:37:31Z [INFO] Phase 1: Installing NVIDIA packages...
2026-04-20T06:46:39Z [INFO] NVIDIA packages installed.
2026-04-20T06:46:39Z [INFO] Verifying NVIDIA DKMS build from package install...
2026-04-20T06:46:39Z [INFO] NVIDIA DKMS verified for kernel 6.19.11+deb13-amd64.
2026-04-20T06:46:39Z [INFO] Phase 2: Installing NVIDIA Container Toolkit...
2026-04-20T06:46:42Z [INFO]   nvidia-container-toolkit installed.
2026-04-20T06:46:42Z [INFO]   Container runtime config installed.
2026-04-20T06:46:42Z [INFO] Phase 2 complete: NVIDIA Container Toolkit installed.
2026-04-20T06:46:42Z [INFO] Phase 3: Configuring CUDA environment...
2026-04-20T06:46:42Z [INFO] Phase 3 complete: CUDA environment configured.
2026-04-20T06:46:42Z [INFO] Phase 4: Installing NVIDIA system services...
2026-04-20T06:46:42Z [INFO] Phase 4 complete: NVIDIA services enabled.
2026-04-20T06:46:42Z [INFO] Phase 5: Build validation...
2026-04-20T06:46:43Z [INFO]   DKMS status: installed
2026-04-20T06:46:43Z [INFO]   Module files present
2026-04-20T06:46:43Z [INFO] Phase 5 build validation passed.
2026-04-20T06:46:43Z [INFO] Phase 5: Runtime validation...
2026-04-20T06:46:43Z [INFO]   Runtime context: physical
2026-04-20T06:46:43Z [INFO]   Running physical hardware validation...
2026-04-20T06:46:43Z [INFO]   GPU detected: count=2
2026-04-20T06:46:43Z [INFO]   nvidia-smi package present (runtime test deferred to first boot)
2026-04-20T06:46:43Z [INFO]   Physical hardware validation passed.
2026-04-20T06:46:43Z [INFO] NVIDIA_BRINGUP complete.

═══════════════════════════════════════════
STAGE RETRY: 2026-04-20T09:48:03Z
═══════════════════════════════════════════

2026-04-20T09:48:03Z [INFO] Starting stage: NVIDIA_BRINGUP
2026-04-20T09:48:03Z [INFO] === NVIDIA_BRINGUP ===
2026-04-20T09:48:03Z [INFO] Checking for pre-Turing GPU...
2026-04-20T09:48:05Z [INFO] GPU detected: 01:00.0 VGA compatible controller [0300]: NVIDIA Corporation AD104 [GeForce RTX 4070] [10de:2786] (rev a1)
01:00.1 Audio device [0403]: NVIDIA Corporation AD104 High Definition Audio Controller [10de:22bc] (rev a1)
2026-04-20T09:48:05Z [INFO] GPU model: RTX 4070
2026-04-20T09:48:05Z [INFO] Phase 0: Configuring NVIDIA APT repositories in target...
2026-04-20T09:48:06Z [INFO] NVIDIA APT repositories configured.
2026-04-20T09:48:06Z [INFO] Phase 1: Installing NVIDIA packages...
2026-04-20T09:55:05Z [ERR ] NVIDIA package installation failed

═══════════════════════════════════════════
STAGE RETRY: 2026-04-20T09:55:50Z
═══════════════════════════════════════════

2026-04-20T09:55:50Z [INFO] Starting stage: NVIDIA_BRINGUP
2026-04-20T09:55:50Z [INFO] === NVIDIA_BRINGUP ===
2026-04-20T09:55:50Z [INFO] Checking for pre-Turing GPU...
2026-04-20T09:55:50Z [INFO] GPU detected: 01:00.0 VGA compatible controller [0300]: NVIDIA Corporation AD104 [GeForce RTX 4070] [10de:2786] (rev a1)
01:00.1 Audio device [0403]: NVIDIA Corporation AD104 High Definition Audio Controller [10de:22bc] (rev a1)
2026-04-20T09:55:50Z [INFO] GPU model: RTX 4070
2026-04-20T09:55:50Z [INFO] Phase 0: Configuring NVIDIA APT repositories in target...
2026-04-20T09:55:51Z [INFO] NVIDIA APT repositories configured.
2026-04-20T09:55:51Z [INFO] Phase 1: Installing NVIDIA packages...
2026-04-20T09:58:00Z [INFO] NVIDIA packages installed.
2026-04-20T09:58:00Z [INFO] Verifying NVIDIA DKMS build from package install...
2026-04-20T09:58:01Z [INFO] NVIDIA DKMS verified for kernel 6.19.11+deb13-amd64.
2026-04-20T09:58:01Z [INFO] Phase 2: Installing NVIDIA Container Toolkit...
2026-04-20T09:58:04Z [INFO]   nvidia-container-toolkit installed.
2026-04-20T09:58:04Z [INFO]   Container runtime config installed.
2026-04-20T09:58:04Z [INFO] Phase 2 complete: NVIDIA Container Toolkit installed.
2026-04-20T09:58:04Z [INFO] Phase 3: Configuring CUDA environment...
2026-04-20T09:58:04Z [INFO] Phase 3 complete: CUDA environment configured.
2026-04-20T09:58:04Z [INFO] Phase 4: Installing NVIDIA system services...
2026-04-20T09:58:04Z [INFO] Phase 4 complete: NVIDIA services enabled.
2026-04-20T09:58:04Z [INFO] Phase 5: Build validation...
2026-04-20T09:58:04Z [INFO]   DKMS status: installed
2026-04-20T09:58:04Z [INFO]   Module files present
2026-04-20T09:58:04Z [INFO] Phase 5 build validation passed.
2026-04-20T09:58:04Z [INFO] Phase 5: Runtime validation...
2026-04-20T09:58:04Z [INFO]   Runtime context: physical
2026-04-20T09:58:04Z [INFO]   Running physical hardware validation...
2026-04-20T09:58:04Z [INFO]   GPU detected: count=2
2026-04-20T09:58:04Z [INFO]   nvidia-smi package present (runtime test deferred to first boot)
2026-04-20T09:58:04Z [INFO]   Physical hardware validation passed.
2026-04-20T09:58:04Z [INFO] NVIDIA_BRINGUP complete.

═══════════════════════════════════════════
STAGE RETRY: 2026-04-20T21:50:42Z
═══════════════════════════════════════════

2026-04-20T21:50:42Z [INFO] Starting stage: NVIDIA_BRINGUP
2026-04-20T21:50:42Z [INFO] === NVIDIA_BRINGUP ===
2026-04-20T21:50:42Z [INFO] Checking for pre-Turing GPU...
2026-04-20T21:50:42Z [INFO] GPU detected: 01:00.0 VGA compatible controller [0300]: NVIDIA Corporation AD104 [GeForce RTX 4070] [10de:2786] (rev a1)
01:00.1 Audio device [0403]: NVIDIA Corporation AD104 High Definition Audio Controller [10de:22bc] (rev a1)
2026-04-20T21:50:42Z [INFO] GPU model: RTX 4070
2026-04-20T21:50:42Z [INFO] Phase 0: Configuring NVIDIA APT repositories in target...
2026-04-20T21:50:43Z [INFO] NVIDIA APT repositories configured.
2026-04-20T21:50:43Z [INFO] Phase 1: Installing NVIDIA packages...
2026-04-20T22:00:43Z [ERR ] Command timed out after 600s: chroot
/mnt/install
env
LANG=C.UTF-8
LC_ALL=C.UTF-8
DEBIAN_FRONTEND=noninteractive
apt-get
-o
Dpkg::Options::=--force-confdef
-o
Dpkg::Options::=--force-confold
install
-y
nvidia-kernel-open-dkms
nvidia-driver
nvidia-driver-cuda
cuda-toolkit-13-2
cuda-libraries-13-2
cuda-libraries-dev-13-2
cuda-command-line-tools-13-2
cuda-nvml-dev-13-2
nvidia-persistenced
libnvidia-egl-wayland1
2026-04-20T22:00:43Z [ERR ] NVIDIA package installation failed

═══════════════════════════════════════════
STAGE RETRY: 2026-04-20T22:01:01Z
═══════════════════════════════════════════

2026-04-20T22:01:01Z [INFO] Starting stage: NVIDIA_BRINGUP
2026-04-20T22:01:01Z [INFO] === NVIDIA_BRINGUP ===
2026-04-20T22:01:01Z [INFO] Checking for pre-Turing GPU...
2026-04-20T22:01:01Z [INFO] GPU detected: 01:00.0 VGA compatible controller [0300]: NVIDIA Corporation AD104 [GeForce RTX 4070] [10de:2786] (rev a1)
01:00.1 Audio device [0403]: NVIDIA Corporation AD104 High Definition Audio Controller [10de:22bc] (rev a1)
2026-04-20T22:01:01Z [INFO] GPU model: RTX 4070
2026-04-20T22:01:01Z [INFO] Phase 0: Configuring NVIDIA APT repositories in target...
2026-04-20T22:01:02Z [INFO] NVIDIA APT repositories configured.
2026-04-20T22:01:02Z [INFO] Phase 1: Installing NVIDIA packages...
2026-04-20T22:01:02Z [ERR ] NVIDIA package installation failed

═══════════════════════════════════════════
STAGE RETRY: 2026-04-20T22:02:35Z
═══════════════════════════════════════════

2026-04-20T22:02:35Z [INFO] Starting stage: NVIDIA_BRINGUP
2026-04-20T22:02:35Z [INFO] === NVIDIA_BRINGUP ===
2026-04-20T22:02:35Z [INFO] Checking for pre-Turing GPU...
2026-04-20T22:02:35Z [INFO] GPU detected: 01:00.0 VGA compatible controller [0300]: NVIDIA Corporation AD104 [GeForce RTX 4070] [10de:2786] (rev a1)
01:00.1 Audio device [0403]: NVIDIA Corporation AD104 High Definition Audio Controller [10de:22bc] (rev a1)
2026-04-20T22:02:35Z [INFO] GPU model: RTX 4070
2026-04-20T22:02:35Z [INFO] Phase 0: Configuring NVIDIA APT repositories in target...
2026-04-20T22:02:37Z [INFO] NVIDIA APT repositories configured.
2026-04-20T22:02:37Z [INFO] Phase 1: Installing NVIDIA packages...
2026-04-20T22:02:37Z [INFO] NVIDIA packages installed.
2026-04-20T22:02:37Z [INFO] Verifying NVIDIA DKMS build from package install...
2026-04-20T22:02:38Z [INFO] NVIDIA DKMS verified for kernel 6.19.11+deb13-amd64.
2026-04-20T22:02:38Z [INFO] Phase 2: Installing NVIDIA Container Toolkit...
2026-04-20T22:02:41Z [INFO]   nvidia-container-toolkit installed.
2026-04-20T22:02:41Z [INFO]   Container runtime config installed.
2026-04-20T22:02:41Z [INFO] Phase 2 complete: NVIDIA Container Toolkit installed.
2026-04-20T22:02:41Z [INFO] Phase 3: Configuring CUDA environment...
2026-04-20T22:02:41Z [INFO] Phase 3 complete: CUDA environment configured.
2026-04-20T22:02:41Z [INFO] Phase 4: Installing NVIDIA system services...
2026-04-20T22:02:41Z [INFO] Phase 4 complete: NVIDIA services enabled.
2026-04-20T22:02:41Z [INFO] Phase 5: Build validation...
2026-04-20T22:02:42Z [INFO]   DKMS status: installed
2026-04-20T22:02:42Z [INFO]   Module files present
2026-04-20T22:02:42Z [INFO] Phase 5 build validation passed.
2026-04-20T22:02:42Z [INFO] Phase 5: Runtime validation...
2026-04-20T22:02:42Z [INFO]   Runtime context: physical
2026-04-20T22:02:42Z [INFO]   Running physical hardware validation...
2026-04-20T22:02:42Z [INFO]   GPU detected: count=2
2026-04-20T22:02:42Z [ERR ] nvidia-smi command not available in target

═══════════════════════════════════════════
STAGE RETRY: 2026-04-20T22:03:09Z
═══════════════════════════════════════════

2026-04-20T22:03:09Z [INFO] Starting stage: NVIDIA_BRINGUP
2026-04-20T22:03:09Z [INFO] === NVIDIA_BRINGUP ===
2026-04-20T22:03:09Z [INFO] Checking for pre-Turing GPU...
2026-04-20T22:03:09Z [INFO] GPU detected: 01:00.0 VGA compatible controller [0300]: NVIDIA Corporation AD104 [GeForce RTX 4070] [10de:2786] (rev a1)
01:00.1 Audio device [0403]: NVIDIA Corporation AD104 High Definition Audio Controller [10de:22bc] (rev a1)
2026-04-20T22:03:09Z [INFO] GPU model: RTX 4070
2026-04-20T22:03:09Z [INFO] Phase 0: Configuring NVIDIA APT repositories in target...
2026-04-20T22:03:10Z [INFO] NVIDIA APT repositories configured.
2026-04-20T22:03:10Z [INFO] Phase 1: Installing NVIDIA packages...
2026-04-20T22:03:11Z [INFO] NVIDIA packages installed.
2026-04-20T22:03:11Z [INFO] Verifying NVIDIA DKMS build from package install...
2026-04-20T22:03:11Z [INFO] NVIDIA DKMS verified for kernel 6.19.11+deb13-amd64.
2026-04-20T22:03:11Z [INFO] Phase 2: Installing NVIDIA Container Toolkit...
2026-04-20T22:03:12Z [INFO]   nvidia-container-toolkit installed.
2026-04-20T22:03:12Z [INFO]   Container runtime config installed.
2026-04-20T22:03:12Z [INFO] Phase 2 complete: NVIDIA Container Toolkit installed.
2026-04-20T22:03:12Z [INFO] Phase 3: Configuring CUDA environment...
2026-04-20T22:03:12Z [INFO] Phase 3 complete: CUDA environment configured.
2026-04-20T22:03:12Z [INFO] Phase 4: Installing NVIDIA system services...
2026-04-20T22:03:12Z [INFO] Phase 4 complete: NVIDIA services enabled.
2026-04-20T22:03:12Z [INFO] Phase 5: Build validation...
2026-04-20T22:03:13Z [INFO]   DKMS status: installed
2026-04-20T22:03:13Z [INFO]   Module files present
2026-04-20T22:03:13Z [INFO] Phase 5 build validation passed.
2026-04-20T22:03:13Z [INFO] Phase 5: Runtime validation...
2026-04-20T22:03:13Z [INFO]   Runtime context: physical
2026-04-20T22:03:13Z [INFO]   Running physical hardware validation...
2026-04-20T22:03:13Z [INFO]   GPU detected: count=2
2026-04-20T22:03:13Z [INFO]   nvidia-driver-cuda installed and nvidia-smi command present
2026-04-20T22:03:13Z [INFO]   Physical hardware validation passed.
2026-04-20T22:03:13Z [INFO] NVIDIA_BRINGUP complete.

═══════════════════════════════════════════
STAGE RETRY: 2026-04-21T00:44:07Z
═══════════════════════════════════════════

2026-04-21T00:44:07Z [INFO] Starting stage: NVIDIA_BRINGUP
2026-04-21T00:44:07Z [INFO] === NVIDIA_BRINGUP ===
2026-04-21T00:44:07Z [INFO] Checking for pre-Turing GPU...
2026-04-21T00:44:07Z [INFO] GPU detected: 01:00.0 VGA compatible controller [0300]: NVIDIA Corporation AD104 [GeForce RTX 4070] [10de:2786] (rev a1)
01:00.1 Audio device [0403]: NVIDIA Corporation AD104 High Definition Audio Controller [10de:22bc] (rev a1)
2026-04-21T00:44:07Z [INFO] GPU model: RTX 4070
2026-04-21T00:44:07Z [INFO] Phase 0: Configuring NVIDIA APT repositories in target...
2026-04-21T00:44:08Z [INFO] NVIDIA APT repositories configured.
2026-04-21T00:44:08Z [INFO] Phase 1: Installing NVIDIA packages...
2026-04-21T00:53:25Z [INFO] NVIDIA packages installed.
2026-04-21T00:53:25Z [INFO] Verifying NVIDIA DKMS build from package install...
2026-04-21T00:53:25Z [INFO] NVIDIA DKMS verified for kernel 6.19.11+deb13-amd64.
2026-04-21T00:53:25Z [INFO] Phase 2: Installing NVIDIA Container Toolkit...
2026-04-21T00:53:28Z [INFO]   nvidia-container-toolkit installed.
2026-04-21T00:53:28Z [INFO]   Container runtime config installed.
2026-04-21T00:53:28Z [INFO] Phase 2 complete: NVIDIA Container Toolkit installed.
2026-04-21T00:53:28Z [INFO] Phase 3: Configuring CUDA environment...
2026-04-21T00:53:28Z [INFO] Phase 3 complete: CUDA environment configured.
2026-04-21T00:53:28Z [INFO] Phase 4: Installing NVIDIA system services...
2026-04-21T00:53:28Z [INFO] Phase 4 complete: NVIDIA services enabled.
2026-04-21T00:53:28Z [INFO] Phase 5: Build validation...
2026-04-21T00:53:28Z [INFO]   DKMS status: installed
2026-04-21T00:53:28Z [INFO]   Module files present
2026-04-21T00:53:28Z [INFO] Phase 5 build validation passed.
2026-04-21T00:53:28Z [INFO] Phase 5: Runtime validation...
2026-04-21T00:53:28Z [INFO]   Runtime context: physical
2026-04-21T00:53:28Z [INFO]   Running physical hardware validation...
2026-04-21T00:53:28Z [INFO]   GPU detected: count=2
2026-04-21T00:53:28Z [INFO]   nvidia-driver-cuda installed and nvidia-smi command present
2026-04-21T00:53:28Z [INFO]   Physical hardware validation passed.
2026-04-21T00:53:28Z [INFO] NVIDIA_BRINGUP complete.

═══════════════════════════════════════════
STAGE RETRY: 2026-04-21T10:35:57Z
═══════════════════════════════════════════

2026-04-21T10:35:57Z [INFO] Starting stage: NVIDIA_BRINGUP
2026-04-21T10:35:57Z [INFO] === NVIDIA_BRINGUP ===
2026-04-21T10:35:57Z [INFO] Checking for pre-Turing GPU...
2026-04-21T10:35:57Z [INFO] GPU detected: 01:00.0 VGA compatible controller [0300]: NVIDIA Corporation AD104 [GeForce RTX 4070] [10de:2786] (rev a1)
01:00.1 Audio device [0403]: NVIDIA Corporation AD104 High Definition Audio Controller [10de:22bc] (rev a1)
2026-04-21T10:35:57Z [INFO] GPU model: RTX 4070
2026-04-21T10:35:57Z [INFO] Phase 0: Configuring NVIDIA APT repositories in target...
2026-04-21T10:35:59Z [INFO] NVIDIA APT repositories configured.
2026-04-21T10:35:59Z [INFO] Phase 1: Installing NVIDIA packages...
2026-04-21T10:45:59Z [ERR ] Command timed out after 600s: chroot
/mnt/install
env
LANG=C.UTF-8
LC_ALL=C.UTF-8
DEBIAN_FRONTEND=noninteractive
apt-get
-o
Dpkg::Options::=--force-confdef
-o
Dpkg::Options::=--force-confold
install
-y
nvidia-kernel-open-dkms
nvidia-driver
nvidia-driver-cuda
cuda-toolkit-13-2
cuda-libraries-13-2
cuda-libraries-dev-13-2
cuda-command-line-tools-13-2
cuda-nvml-dev-13-2
nvidia-persistenced
libnvidia-egl-wayland1
2026-04-21T10:45:59Z [ERR ] NVIDIA package installation failed

═══════════════════════════════════════════
STAGE RETRY: 2026-04-21T10:46:30Z
═══════════════════════════════════════════

2026-04-21T10:46:30Z [INFO] Starting stage: NVIDIA_BRINGUP
2026-04-21T10:46:30Z [INFO] === NVIDIA_BRINGUP ===
2026-04-21T10:46:30Z [INFO] Checking for pre-Turing GPU...
2026-04-21T10:46:30Z [INFO] GPU detected: 01:00.0 VGA compatible controller [0300]: NVIDIA Corporation AD104 [GeForce RTX 4070] [10de:2786] (rev a1)
01:00.1 Audio device [0403]: NVIDIA Corporation AD104 High Definition Audio Controller [10de:22bc] (rev a1)
2026-04-21T10:46:30Z [INFO] GPU model: RTX 4070
2026-04-21T10:46:30Z [INFO] Phase 0: Configuring NVIDIA APT repositories in target...
2026-04-21T10:46:31Z [INFO] NVIDIA APT repositories configured.
2026-04-21T10:46:31Z [INFO] Phase 1: Installing NVIDIA packages...
2026-04-21T10:46:31Z [ERR ] NVIDIA package installation failed

═══════════════════════════════════════════
STAGE RETRY: 2026-04-21T10:59:06Z
═══════════════════════════════════════════

2026-04-21T10:59:06Z [INFO] Starting stage: NVIDIA_BRINGUP
2026-04-21T10:59:06Z [INFO] === NVIDIA_BRINGUP ===
2026-04-21T10:59:06Z [INFO] Checking for pre-Turing GPU...
2026-04-21T10:59:06Z [INFO] GPU detected: 01:00.0 VGA compatible controller [0300]: NVIDIA Corporation AD104 [GeForce RTX 4070] [10de:2786] (rev a1)
01:00.1 Audio device [0403]: NVIDIA Corporation AD104 High Definition Audio Controller [10de:22bc] (rev a1)
2026-04-21T10:59:06Z [INFO] GPU model: RTX 4070
2026-04-21T10:59:06Z [INFO] Phase 0: Configuring NVIDIA APT repositories in target...
2026-04-21T10:59:07Z [INFO] NVIDIA APT repositories configured.
2026-04-21T10:59:07Z [INFO] Phase 1: Installing NVIDIA packages...
2026-04-21T11:00:20Z [INFO] NVIDIA packages installed.
2026-04-21T11:00:20Z [INFO] Verifying NVIDIA DKMS build from package install...
2026-04-21T11:00:21Z [INFO] NVIDIA DKMS verified for kernel 6.19.11+deb13-amd64.
2026-04-21T11:00:21Z [INFO] Phase 2: Installing NVIDIA Container Toolkit...
2026-04-21T11:00:24Z [INFO]   nvidia-container-toolkit installed.
2026-04-21T11:00:24Z [INFO]   Container runtime config installed.
2026-04-21T11:00:24Z [INFO] Phase 2 complete: NVIDIA Container Toolkit installed.
2026-04-21T11:00:24Z [INFO] Phase 3: Configuring CUDA environment...
2026-04-21T11:00:24Z [INFO] Phase 3 complete: CUDA environment configured.
2026-04-21T11:00:24Z [INFO] Phase 4: Installing NVIDIA system services...
2026-04-21T11:00:24Z [INFO] Phase 4 complete: NVIDIA services enabled.
2026-04-21T11:00:24Z [INFO] Phase 5: Build validation...
2026-04-21T11:00:25Z [INFO]   DKMS status: installed
2026-04-21T11:00:25Z [INFO]   Module files present
2026-04-21T11:00:25Z [INFO] Phase 5 build validation passed.
2026-04-21T11:00:25Z [INFO] Phase 5: Runtime validation...
2026-04-21T11:00:25Z [INFO]   Runtime context: physical
2026-04-21T11:00:25Z [INFO]   Running physical hardware validation...
2026-04-21T11:00:25Z [INFO]   GPU detected: count=2
2026-04-21T11:00:25Z [INFO]   nvidia-driver-cuda installed and nvidia-smi command present
2026-04-21T11:00:25Z [INFO]   Physical hardware validation passed.
2026-04-21T11:00:25Z [INFO] NVIDIA_BRINGUP complete.

═══════════════════════════════════════════
STAGE RETRY: 2026-04-21T12:42:24Z
═══════════════════════════════════════════

2026-04-21T12:42:24Z [INFO] Starting stage: NVIDIA_BRINGUP
2026-04-21T12:42:24Z [INFO] === NVIDIA_BRINGUP ===
2026-04-21T12:42:24Z [INFO] Checking for pre-Turing GPU...
2026-04-21T12:42:24Z [INFO] GPU detected: 01:00.0 VGA compatible controller [0300]: NVIDIA Corporation AD104 [GeForce RTX 4070] [10de:2786] (rev a1)
01:00.1 Audio device [0403]: NVIDIA Corporation AD104 High Definition Audio Controller [10de:22bc] (rev a1)
2026-04-21T12:42:24Z [INFO] GPU model: RTX 4070
2026-04-21T12:42:24Z [INFO] Phase 0: Configuring NVIDIA APT repositories in target...
2026-04-21T12:42:25Z [INFO] NVIDIA APT repositories configured.
2026-04-21T12:42:25Z [INFO] Phase 1: Installing NVIDIA packages...
2026-04-21T12:53:45Z [INFO] NVIDIA packages installed.
2026-04-21T12:53:45Z [INFO] Verifying NVIDIA DKMS build from package install...
2026-04-21T12:53:45Z [INFO] NVIDIA DKMS verified for kernel 6.19.11+deb13-amd64.
2026-04-21T12:53:45Z [INFO] Phase 2: Installing NVIDIA Container Toolkit...
2026-04-21T12:53:48Z [INFO]   nvidia-container-toolkit installed.
2026-04-21T12:53:48Z [INFO]   Container runtime config installed.
2026-04-21T12:53:48Z [INFO] Phase 2 complete: NVIDIA Container Toolkit installed.
2026-04-21T12:53:48Z [INFO] Phase 3: Configuring CUDA environment...
2026-04-21T12:53:48Z [INFO] Phase 3 complete: CUDA environment configured.
2026-04-21T12:53:48Z [INFO] Phase 4: Installing NVIDIA system services...
2026-04-21T12:53:48Z [INFO] Phase 4 complete: NVIDIA services enabled.
2026-04-21T12:53:48Z [INFO] Phase 5: Build validation...
2026-04-21T12:53:49Z [INFO]   DKMS status: installed
2026-04-21T12:53:49Z [INFO]   Module files present
2026-04-21T12:53:49Z [INFO] Phase 5 build validation passed.
2026-04-21T12:53:49Z [INFO] Phase 5: Runtime validation...
2026-04-21T12:53:49Z [INFO]   Runtime context: physical
2026-04-21T12:53:49Z [INFO]   Running physical hardware validation...
2026-04-21T12:53:49Z [INFO]   GPU detected: count=2
2026-04-21T12:53:49Z [INFO]   nvidia-driver-cuda installed and nvidia-smi command present
2026-04-21T12:53:49Z [INFO]   Physical hardware validation passed.
2026-04-21T12:53:49Z [INFO] NVIDIA_BRINGUP complete.
