
═══════════════════════════════════════════
STAGE RETRY: 2026-04-19T12:25:36Z
═══════════════════════════════════════════

2026-04-19T12:25:36Z [INFO] Starting stage: PODMAN_SUBSTRATE
2026-04-19T12:25:36Z [INFO] === PODMAN_SUBSTRATE ===
2026-04-19T12:25:36Z [INFO] Installing Podman container toolchain...
2026-04-19T12:26:20Z [INFO] Podman toolchain installed.
2026-04-19T12:26:20Z [INFO] Validating Podman...
2026-04-19T12:26:21Z [INFO] Podman validated.
2026-04-19T12:26:21Z [INFO] Installing Podman configuration...
2026-04-19T12:26:21Z [INFO] Podman config installed.
2026-04-19T12:26:21Z [INFO] Generating NVIDIA CDI spec...
2026-04-19T12:26:21Z [INFO] CDI spec generation attempted.
2026-04-19T12:26:21Z [INFO] PODMAN_SUBSTRATE complete.

═══════════════════════════════════════════
STAGE RETRY: 2026-04-20T06:46:43Z
═══════════════════════════════════════════

2026-04-20T06:46:43Z [INFO] Starting stage: PODMAN_SUBSTRATE
2026-04-20T06:46:43Z [INFO] === PODMAN_SUBSTRATE ===
2026-04-20T06:46:43Z [INFO] Installing Podman container toolchain...
2026-04-20T06:47:29Z [INFO] Podman toolchain installed.
2026-04-20T06:47:29Z [INFO] Validating Podman...
2026-04-20T06:47:29Z [INFO] Podman validated.
2026-04-20T06:47:29Z [INFO] Installing Podman configuration...
2026-04-20T06:47:29Z [INFO] Podman config installed.
2026-04-20T06:47:29Z [INFO] Generating NVIDIA CDI spec...
2026-04-20T06:47:29Z [INFO] CDI spec generation attempted.
2026-04-20T06:47:29Z [INFO] PODMAN_SUBSTRATE complete.

═══════════════════════════════════════════
STAGE RETRY: 2026-04-20T09:58:04Z
═══════════════════════════════════════════

2026-04-20T09:58:04Z [INFO] Starting stage: PODMAN_SUBSTRATE
2026-04-20T09:58:04Z [INFO] === PODMAN_SUBSTRATE ===
2026-04-20T09:58:04Z [INFO] Installing Podman container toolchain...
2026-04-20T09:58:50Z [INFO] Podman toolchain installed.
2026-04-20T09:58:50Z [INFO] Validating Podman...
2026-04-20T09:58:51Z [INFO] Podman validated.
2026-04-20T09:58:51Z [INFO] Installing Podman configuration...
2026-04-20T09:58:51Z [INFO] Podman config installed.
2026-04-20T09:58:51Z [INFO] Generating NVIDIA CDI spec...
2026-04-20T09:58:51Z [INFO] CDI spec generation attempted.
2026-04-20T09:58:51Z [INFO] PODMAN_SUBSTRATE complete.

═══════════════════════════════════════════
STAGE RETRY: 2026-04-20T22:03:13Z
═══════════════════════════════════════════

2026-04-20T22:03:13Z [INFO] Starting stage: PODMAN_SUBSTRATE
2026-04-20T22:03:13Z [INFO] === PODMAN_SUBSTRATE ===
2026-04-20T22:03:13Z [INFO] Installing Podman container toolchain...
2026-04-20T22:03:59Z [INFO] Podman toolchain installed.
2026-04-20T22:03:59Z [INFO] Validating Podman...
2026-04-20T22:03:59Z [INFO] Podman validated.
2026-04-20T22:03:59Z [INFO] Installing Podman configuration...
2026-04-20T22:03:59Z [INFO] Podman config installed.
2026-04-20T22:03:59Z [INFO] Generating NVIDIA CDI spec...
2026-04-20T22:03:59Z [INFO] CDI spec generation attempted.
2026-04-20T22:03:59Z [INFO] PODMAN_SUBSTRATE complete.

═══════════════════════════════════════════
STAGE RETRY: 2026-04-21T00:53:29Z
═══════════════════════════════════════════

2026-04-21T00:53:29Z [INFO] Starting stage: PODMAN_SUBSTRATE
2026-04-21T00:53:29Z [INFO] === PODMAN_SUBSTRATE ===
2026-04-21T00:53:29Z [INFO] Installing Podman container toolchain...
2026-04-21T00:54:15Z [INFO] Podman toolchain installed.
2026-04-21T00:54:15Z [INFO] Validating Podman...
2026-04-21T00:54:16Z [INFO] Podman validated.
2026-04-21T00:54:16Z [INFO] Installing Podman configuration...
2026-04-21T00:54:16Z [INFO] Podman config installed.
2026-04-21T00:54:16Z [INFO] Generating NVIDIA CDI spec...
2026-04-21T00:54:16Z [INFO] CDI spec generation attempted.
2026-04-21T00:54:16Z [INFO] PODMAN_SUBSTRATE complete.

═══════════════════════════════════════════
STAGE RETRY: 2026-04-21T11:00:25Z
═══════════════════════════════════════════

2026-04-21T11:00:25Z [INFO] Starting stage: PODMAN_SUBSTRATE
2026-04-21T11:00:25Z [INFO] === PODMAN_SUBSTRATE ===
2026-04-21T11:00:25Z [INFO] Installing Podman container toolchain...
2026-04-21T11:01:10Z [INFO] Podman toolchain installed.
2026-04-21T11:01:10Z [INFO] Validating Podman...
2026-04-21T11:01:10Z [INFO] Podman validated.
2026-04-21T11:01:10Z [INFO] Installing Podman configuration...
2026-04-21T11:01:10Z [INFO] Podman config installed.
2026-04-21T11:01:10Z [INFO] Generating NVIDIA CDI spec...
2026-04-21T11:01:11Z [INFO] CDI spec generation attempted.
2026-04-21T11:01:11Z [INFO] PODMAN_SUBSTRATE complete.

═══════════════════════════════════════════
STAGE RETRY: 2026-04-21T12:53:49Z
═══════════════════════════════════════════

2026-04-21T12:53:49Z [INFO] Starting stage: PODMAN_SUBSTRATE
2026-04-21T12:53:49Z [INFO] === PODMAN_SUBSTRATE ===
2026-04-21T12:53:49Z [INFO] Installing Podman container toolchain...
2026-04-21T12:54:35Z [INFO] Podman toolchain installed.
2026-04-21T12:54:35Z [INFO] Validating Podman...
2026-04-21T12:54:35Z [INFO] Podman validated.
2026-04-21T12:54:35Z [INFO] Installing Podman configuration...
2026-04-21T12:54:35Z [INFO] Podman config installed.
2026-04-21T12:54:35Z [INFO] Generating NVIDIA CDI spec...
2026-04-21T12:54:35Z [INFO] CDI spec generation attempted.
2026-04-21T12:54:35Z [INFO] PODMAN_SUBSTRATE complete.
